[2024-12-19 11:29:12] local.ERROR: Call to undefined method App\Http\Controllers\EmailController::SendEmail() {"exception":"[object] (Error(code: 0): Call to undefined method App\\Http\\Controllers\\EmailController::SendEmail() at C:\\Lodi\\Curriculum\\api\\vendor\\laravel\\framework\\src\\Illuminate\\Routing\\ControllerDispatcher.php:47)
[stacktrace]
#0 C:\\Lodi\\Curriculum\\api\\vendor\\laravel\\framework\\src\\Illuminate\\Routing\\Route.php(266): Illuminate\\Routing\\ControllerDispatcher->dispatch()
#1 C:\\Lodi\\Curriculum\\api\\vendor\\laravel\\framework\\src\\Illuminate\\Routing\\Route.php(212): Illuminate\\Routing\\Route->runController()
#2 C:\\Lodi\\Curriculum\\api\\vendor\\laravel\\framework\\src\\Illuminate\\Routing\\Router.php(808): Illuminate\\Routing\\Route->run()
#3 C:\\Lodi\\Curriculum\\api\\vendor\\laravel\\framework\\src\\Illuminate\\Pipeline\\Pipeline.php(144): Illuminate\\Routing\\Router->Illuminate\\Routing\\{closure}()
#4 C:\\Lodi\\Curriculum\\api\\vendor\\laravel\\framework\\src\\Illuminate\\Routing\\Middleware\\SubstituteBindings.php(51): Illuminate\\Pipeline\\Pipeline->Illuminate\\Pipeline\\{closure}()
#5 C:\\Lodi\\Curriculum\\api\\vendor\\laravel\\framework\\src\\Illuminate\\Pipeline\\Pipeline.php(183): Illuminate\\Routing\\Middleware\\SubstituteBindings->handle()
#6 C:\\Lodi\\Curriculum\\api\\vendor\\laravel\\framework\\src\\Illuminate\\Pipeline\\Pipeline.php(119): Illuminate\\Pipeline\\Pipeline->Illuminate\\Pipeline\\{closure}()
#7 C:\\Lodi\\Curriculum\\api\\vendor\\laravel\\framework\\src\\Illuminate\\Routing\\Router.php(807): Illuminate\\Pipeline\\Pipeline->then()
#8 C:\\Lodi\\Curriculum\\api\\vendor\\laravel\\framework\\src\\Illuminate\\Routing\\Router.php(786): Illuminate\\Routing\\Router->runRouteWithinStack()
#9 C:\\Lodi\\Curriculum\\api\\vendor\\laravel\\framework\\src\\Illuminate\\Routing\\Router.php(750): Illuminate\\Routing\\Router->runRoute()
#10 C:\\Lodi\\Curriculum\\api\\vendor\\laravel\\framework\\src\\Illuminate\\Routing\\Router.php(739): Illuminate\\Routing\\Router->dispatchToRoute()
#11 C:\\Lodi\\Curriculum\\api\\vendor\\laravel\\framework\\src\\Illuminate\\Foundation\\Http\\Kernel.php(201): Illuminate\\Routing\\Router->dispatch()
#12 C:\\Lodi\\Curriculum\\api\\vendor\\laravel\\framework\\src\\Illuminate\\Pipeline\\Pipeline.php(144): Illuminate\\Foundation\\Http\\Kernel->Illuminate\\Foundation\\Http\\{closure}()
#13 C:\\Lodi\\Curriculum\\api\\vendor\\laravel\\framework\\src\\Illuminate\\Foundation\\Http\\Middleware\\TransformsRequest.php(21): Illuminate\\Pipeline\\Pipeline->Illuminate\\Pipeline\\{closure}()
#14 C:\\Lodi\\Curriculum\\api\\vendor\\laravel\\framework\\src\\Illuminate\\Foundation\\Http\\Middleware\\ConvertEmptyStringsToNull.php(31): Illuminate\\Foundation\\Http\\Middleware\\TransformsRequest->handle()
#15 C:\\Lodi\\Curriculum\\api\\vendor\\laravel\\framework\\src\\Illuminate\\Pipeline\\Pipeline.php(183): Illuminate\\Foundation\\Http\\Middleware\\ConvertEmptyStringsToNull->handle()
#16 C:\\Lodi\\Curriculum\\api\\vendor\\laravel\\framework\\src\\Illuminate\\Foundation\\Http\\Middleware\\TransformsRequest.php(21): Illuminate\\Pipeline\\Pipeline->Illuminate\\Pipeline\\{closure}()
#17 C:\\Lodi\\Curriculum\\api\\vendor\\laravel\\framework\\src\\Illuminate\\Foundation\\Http\\Middleware\\TrimStrings.php(51): Illuminate\\Foundation\\Http\\Middleware\\TransformsRequest->handle()
#18 C:\\Lodi\\Curriculum\\api\\vendor\\laravel\\framework\\src\\Illuminate\\Pipeline\\Pipeline.php(183): Illuminate\\Foundation\\Http\\Middleware\\TrimStrings->handle()
#19 C:\\Lodi\\Curriculum\\api\\vendor\\laravel\\framework\\src\\Illuminate\\Http\\Middleware\\ValidatePostSize.php(27): Illuminate\\Pipeline\\Pipeline->Illuminate\\Pipeline\\{closure}()
#20 C:\\Lodi\\Curriculum\\api\\vendor\\laravel\\framework\\src\\Illuminate\\Pipeline\\Pipeline.php(183): Illuminate\\Http\\Middleware\\ValidatePostSize->handle()
#21 C:\\Lodi\\Curriculum\\api\\vendor\\laravel\\framework\\src\\Illuminate\\Foundation\\Http\\Middleware\\PreventRequestsDuringMaintenance.php(110): Illuminate\\Pipeline\\Pipeline->Illuminate\\Pipeline\\{closure}()
#22 C:\\Lodi\\Curriculum\\api\\vendor\\laravel\\framework\\src\\Illuminate\\Pipeline\\Pipeline.php(183): Illuminate\\Foundation\\Http\\Middleware\\PreventRequestsDuringMaintenance->handle()
#23 C:\\Lodi\\Curriculum\\api\\vendor\\laravel\\framework\\src\\Illuminate\\Http\\Middleware\\HandleCors.php(62): Illuminate\\Pipeline\\Pipeline->Illuminate\\Pipeline\\{closure}()
#24 C:\\Lodi\\Curriculum\\api\\vendor\\laravel\\framework\\src\\Illuminate\\Pipeline\\Pipeline.php(183): Illuminate\\Http\\Middleware\\HandleCors->handle()
#25 C:\\Lodi\\Curriculum\\api\\vendor\\laravel\\framework\\src\\Illuminate\\Http\\Middleware\\TrustProxies.php(58): Illuminate\\Pipeline\\Pipeline->Illuminate\\Pipeline\\{closure}()
#26 C:\\Lodi\\Curriculum\\api\\vendor\\laravel\\framework\\src\\Illuminate\\Pipeline\\Pipeline.php(183): Illuminate\\Http\\Middleware\\TrustProxies->handle()
#27 C:\\Lodi\\Curriculum\\api\\vendor\\laravel\\framework\\src\\Illuminate\\Foundation\\Http\\Middleware\\InvokeDeferredCallbacks.php(22): Illuminate\\Pipeline\\Pipeline->Illuminate\\Pipeline\\{closure}()
#28 C:\\Lodi\\Curriculum\\api\\vendor\\laravel\\framework\\src\\Illuminate\\Pipeline\\Pipeline.php(183): Illuminate\\Foundation\\Http\\Middleware\\InvokeDeferredCallbacks->handle()
#29 C:\\Lodi\\Curriculum\\api\\vendor\\laravel\\framework\\src\\Illuminate\\Pipeline\\Pipeline.php(119): Illuminate\\Pipeline\\Pipeline->Illuminate\\Pipeline\\{closure}()
#30 C:\\Lodi\\Curriculum\\api\\vendor\\laravel\\framework\\src\\Illuminate\\Foundation\\Http\\Kernel.php(176): Illuminate\\Pipeline\\Pipeline->then()
#31 C:\\Lodi\\Curriculum\\api\\vendor\\laravel\\framework\\src\\Illuminate\\Foundation\\Http\\Kernel.php(145): Illuminate\\Foundation\\Http\\Kernel->sendRequestThroughRouter()
#32 C:\\Lodi\\Curriculum\\api\\vendor\\laravel\\framework\\src\\Illuminate\\Foundation\\Application.php(1190): Illuminate\\Foundation\\Http\\Kernel->handle()
#33 C:\\Lodi\\Curriculum\\api\\public\\index.php(17): Illuminate\\Foundation\\Application->handleRequest()
#34 C:\\Lodi\\Curriculum\\api\\vendor\\laravel\\framework\\src\\Illuminate\\Foundation\\resources\\server.php(23): require_once('...')
#35 {main}
"} 
[2024-12-19 12:25:48] local.ERROR: Interface "App\Repositories\Interface\DepartamentRepositoryInterface" not found {"exception":"[object] (Error(code: 0): Interface \"App\\Repositories\\Interface\\DepartamentRepositoryInterface\" not found at C:\\Lodi\\Curriculum\\api\\app\\Repositories\\Eloquent\\DepartamentRepository.php:8)
[stacktrace]
#0 C:\\Lodi\\Curriculum\\api\\vendor\\composer\\ClassLoader.php(576): include()
#1 C:\\Lodi\\Curriculum\\api\\vendor\\composer\\ClassLoader.php(427): Composer\\Autoload\\{closure}()
#2 [internal function]: Composer\\Autoload\\ClassLoader->loadClass()
#3 C:\\Lodi\\Curriculum\\api\\vendor\\laravel\\framework\\src\\Illuminate\\Container\\Container.php(944): ReflectionClass->__construct()
#4 C:\\Lodi\\Curriculum\\api\\vendor\\laravel\\framework\\src\\Illuminate\\Container\\Container.php(819): Illuminate\\Container\\Container->build()
#5 C:\\Lodi\\Curriculum\\api\\vendor\\laravel\\framework\\src\\Illuminate\\Foundation\\Application.php(1048): Illuminate\\Container\\Container->resolve()
#6 C:\\Lodi\\Curriculum\\api\\vendor\\laravel\\framework\\src\\Illuminate\\Container\\Container.php(755): Illuminate\\Foundation\\Application->resolve()
#7 C:\\Lodi\\Curriculum\\api\\vendor\\laravel\\framework\\src\\Illuminate\\Foundation\\Application.php(1030): Illuminate\\Container\\Container->make()
#8 C:\\Lodi\\Curriculum\\api\\vendor\\laravel\\framework\\src\\Illuminate\\Container\\Container.php(1118): Illuminate\\Foundation\\Application->make()
#9 C:\\Lodi\\Curriculum\\api\\vendor\\laravel\\framework\\src\\Illuminate\\Container\\Container.php(1028): Illuminate\\Container\\Container->resolveClass()
#10 C:\\Lodi\\Curriculum\\api\\vendor\\laravel\\framework\\src\\Illuminate\\Container\\Container.php(979): Illuminate\\Container\\Container->resolveDependencies()
#11 C:\\Lodi\\Curriculum\\api\\vendor\\laravel\\framework\\src\\Illuminate\\Container\\Container.php(819): Illuminate\\Container\\Container->build()
#12 C:\\Lodi\\Curriculum\\api\\vendor\\laravel\\framework\\src\\Illuminate\\Foundation\\Application.php(1048): Illuminate\\Container\\Container->resolve()
#13 C:\\Lodi\\Curriculum\\api\\vendor\\laravel\\framework\\src\\Illuminate\\Container\\Container.php(755): Illuminate\\Foundation\\Application->resolve()
#14 C:\\Lodi\\Curriculum\\api\\vendor\\laravel\\framework\\src\\Illuminate\\Foundation\\Application.php(1030): Illuminate\\Container\\Container->make()
#15 C:\\Lodi\\Curriculum\\api\\vendor\\laravel\\framework\\src\\Illuminate\\Container\\Container.php(1118): Illuminate\\Foundation\\Application->make()
#16 C:\\Lodi\\Curriculum\\api\\vendor\\laravel\\framework\\src\\Illuminate\\Container\\Container.php(1028): Illuminate\\Container\\Container->resolveClass()
#17 C:\\Lodi\\Curriculum\\api\\vendor\\laravel\\framework\\src\\Illuminate\\Container\\Container.php(979): Illuminate\\Container\\Container->resolveDependencies()
#18 C:\\Lodi\\Curriculum\\api\\vendor\\laravel\\framework\\src\\Illuminate\\Container\\Container.php(819): Illuminate\\Container\\Container->build()
#19 C:\\Lodi\\Curriculum\\api\\vendor\\laravel\\framework\\src\\Illuminate\\Foundation\\Application.php(1048): Illuminate\\Container\\Container->resolve()
#20 C:\\Lodi\\Curriculum\\api\\vendor\\laravel\\framework\\src\\Illuminate\\Container\\Container.php(755): Illuminate\\Foundation\\Application->resolve()
#21 C:\\Lodi\\Curriculum\\api\\vendor\\laravel\\framework\\src\\Illuminate\\Foundation\\Application.php(1030): Illuminate\\Container\\Container->make()
#22 C:\\Lodi\\Curriculum\\api\\vendor\\laravel\\framework\\src\\Illuminate\\Container\\Container.php(1118): Illuminate\\Foundation\\Application->make()
#23 C:\\Lodi\\Curriculum\\api\\vendor\\laravel\\framework\\src\\Illuminate\\Container\\Container.php(1028): Illuminate\\Container\\Container->resolveClass()
#24 C:\\Lodi\\Curriculum\\api\\vendor\\laravel\\framework\\src\\Illuminate\\Container\\Container.php(979): Illuminate\\Container\\Container->resolveDependencies()
#25 C:\\Lodi\\Curriculum\\api\\vendor\\laravel\\framework\\src\\Illuminate\\Container\\Container.php(819): Illuminate\\Container\\Container->build()
#26 C:\\Lodi\\Curriculum\\api\\vendor\\laravel\\framework\\src\\Illuminate\\Foundation\\Application.php(1048): Illuminate\\Container\\Container->resolve()
#27 C:\\Lodi\\Curriculum\\api\\vendor\\laravel\\framework\\src\\Illuminate\\Container\\Container.php(755): Illuminate\\Foundation\\Application->resolve()
#28 C:\\Lodi\\Curriculum\\api\\vendor\\laravel\\framework\\src\\Illuminate\\Foundation\\Application.php(1030): Illuminate\\Container\\Container->make()
#29 C:\\Lodi\\Curriculum\\api\\vendor\\laravel\\framework\\src\\Illuminate\\Container\\Container.php(1118): Illuminate\\Foundation\\Application->make()
#30 C:\\Lodi\\Curriculum\\api\\vendor\\laravel\\framework\\src\\Illuminate\\Container\\Container.php(1028): Illuminate\\Container\\Container->resolveClass()
#31 C:\\Lodi\\Curriculum\\api\\vendor\\laravel\\framework\\src\\Illuminate\\Container\\Container.php(979): Illuminate\\Container\\Container->resolveDependencies()
#32 C:\\Lodi\\Curriculum\\api\\vendor\\laravel\\framework\\src\\Illuminate\\Container\\Container.php(819): Illuminate\\Container\\Container->build()
#33 C:\\Lodi\\Curriculum\\api\\vendor\\laravel\\framework\\src\\Illuminate\\Foundation\\Application.php(1048): Illuminate\\Container\\Container->resolve()
#34 C:\\Lodi\\Curriculum\\api\\vendor\\laravel\\framework\\src\\Illuminate\\Container\\Container.php(755): Illuminate\\Foundation\\Application->resolve()
#35 C:\\Lodi\\Curriculum\\api\\vendor\\laravel\\framework\\src\\Illuminate\\Foundation\\Application.php(1030): Illuminate\\Container\\Container->make()
#36 C:\\Lodi\\Curriculum\\api\\vendor\\laravel\\framework\\src\\Illuminate\\Routing\\Route.php(285): Illuminate\\Foundation\\Application->make()
#37 C:\\Lodi\\Curriculum\\api\\vendor\\laravel\\framework\\src\\Illuminate\\Routing\\Route.php(267): Illuminate\\Routing\\Route->getController()
#38 C:\\Lodi\\Curriculum\\api\\vendor\\laravel\\framework\\src\\Illuminate\\Routing\\Route.php(212): Illuminate\\Routing\\Route->runController()
#39 C:\\Lodi\\Curriculum\\api\\vendor\\laravel\\framework\\src\\Illuminate\\Routing\\Router.php(808): Illuminate\\Routing\\Route->run()
#40 C:\\Lodi\\Curriculum\\api\\vendor\\laravel\\framework\\src\\Illuminate\\Pipeline\\Pipeline.php(144): Illuminate\\Routing\\Router->Illuminate\\Routing\\{closure}()
#41 C:\\Lodi\\Curriculum\\api\\vendor\\laravel\\framework\\src\\Illuminate\\Routing\\Middleware\\SubstituteBindings.php(51): Illuminate\\Pipeline\\Pipeline->Illuminate\\Pipeline\\{closure}()
#42 C:\\Lodi\\Curriculum\\api\\vendor\\laravel\\framework\\src\\Illuminate\\Pipeline\\Pipeline.php(183): Illuminate\\Routing\\Middleware\\SubstituteBindings->handle()
#43 C:\\Lodi\\Curriculum\\api\\vendor\\laravel\\framework\\src\\Illuminate\\Pipeline\\Pipeline.php(119): Illuminate\\Pipeline\\Pipeline->Illuminate\\Pipeline\\{closure}()
#44 C:\\Lodi\\Curriculum\\api\\vendor\\laravel\\framework\\src\\Illuminate\\Routing\\Router.php(807): Illuminate\\Pipeline\\Pipeline->then()
#45 C:\\Lodi\\Curriculum\\api\\vendor\\laravel\\framework\\src\\Illuminate\\Routing\\Router.php(786): Illuminate\\Routing\\Router->runRouteWithinStack()
#46 C:\\Lodi\\Curriculum\\api\\vendor\\laravel\\framework\\src\\Illuminate\\Routing\\Router.php(750): Illuminate\\Routing\\Router->runRoute()
#47 C:\\Lodi\\Curriculum\\api\\vendor\\laravel\\framework\\src\\Illuminate\\Routing\\Router.php(739): Illuminate\\Routing\\Router->dispatchToRoute()
#48 C:\\Lodi\\Curriculum\\api\\vendor\\laravel\\framework\\src\\Illuminate\\Foundation\\Http\\Kernel.php(201): Illuminate\\Routing\\Router->dispatch()
#49 C:\\Lodi\\Curriculum\\api\\vendor\\laravel\\framework\\src\\Illuminate\\Pipeline\\Pipeline.php(144): Illuminate\\Foundation\\Http\\Kernel->Illuminate\\Foundation\\Http\\{closure}()
#50 C:\\Lodi\\Curriculum\\api\\vendor\\laravel\\framework\\src\\Illuminate\\Foundation\\Http\\Middleware\\TransformsRequest.php(21): Illuminate\\Pipeline\\Pipeline->Illuminate\\Pipeline\\{closure}()
#51 C:\\Lodi\\Curriculum\\api\\vendor\\laravel\\framework\\src\\Illuminate\\Foundation\\Http\\Middleware\\ConvertEmptyStringsToNull.php(31): Illuminate\\Foundation\\Http\\Middleware\\TransformsRequest->handle()
#52 C:\\Lodi\\Curriculum\\api\\vendor\\laravel\\framework\\src\\Illuminate\\Pipeline\\Pipeline.php(183): Illuminate\\Foundation\\Http\\Middleware\\ConvertEmptyStringsToNull->handle()
#53 C:\\Lodi\\Curriculum\\api\\vendor\\laravel\\framework\\src\\Illuminate\\Foundation\\Http\\Middleware\\TransformsRequest.php(21): Illuminate\\Pipeline\\Pipeline->Illuminate\\Pipeline\\{closure}()
#54 C:\\Lodi\\Curriculum\\api\\vendor\\laravel\\framework\\src\\Illuminate\\Foundation\\Http\\Middleware\\TrimStrings.php(51): Illuminate\\Foundation\\Http\\Middleware\\TransformsRequest->handle()
#55 C:\\Lodi\\Curriculum\\api\\vendor\\laravel\\framework\\src\\Illuminate\\Pipeline\\Pipeline.php(183): Illuminate\\Foundation\\Http\\Middleware\\TrimStrings->handle()
#56 C:\\Lodi\\Curriculum\\api\\vendor\\laravel\\framework\\src\\Illuminate\\Http\\Middleware\\ValidatePostSize.php(27): Illuminate\\Pipeline\\Pipeline->Illuminate\\Pipeline\\{closure}()
#57 C:\\Lodi\\Curriculum\\api\\vendor\\laravel\\framework\\src\\Illuminate\\Pipeline\\Pipeline.php(183): Illuminate\\Http\\Middleware\\ValidatePostSize->handle()
#58 C:\\Lodi\\Curriculum\\api\\vendor\\laravel\\framework\\src\\Illuminate\\Foundation\\Http\\Middleware\\PreventRequestsDuringMaintenance.php(110): Illuminate\\Pipeline\\Pipeline->Illuminate\\Pipeline\\{closure}()
#59 C:\\Lodi\\Curriculum\\api\\vendor\\laravel\\framework\\src\\Illuminate\\Pipeline\\Pipeline.php(183): Illuminate\\Foundation\\Http\\Middleware\\PreventRequestsDuringMaintenance->handle()
#60 C:\\Lodi\\Curriculum\\api\\vendor\\laravel\\framework\\src\\Illuminate\\Http\\Middleware\\HandleCors.php(62): Illuminate\\Pipeline\\Pipeline->Illuminate\\Pipeline\\{closure}()
#61 C:\\Lodi\\Curriculum\\api\\vendor\\laravel\\framework\\src\\Illuminate\\Pipeline\\Pipeline.php(183): Illuminate\\Http\\Middleware\\HandleCors->handle()
#62 C:\\Lodi\\Curriculum\\api\\vendor\\laravel\\framework\\src\\Illuminate\\Http\\Middleware\\TrustProxies.php(58): Illuminate\\Pipeline\\Pipeline->Illuminate\\Pipeline\\{closure}()
#63 C:\\Lodi\\Curriculum\\api\\vendor\\laravel\\framework\\src\\Illuminate\\Pipeline\\Pipeline.php(183): Illuminate\\Http\\Middleware\\TrustProxies->handle()
#64 C:\\Lodi\\Curriculum\\api\\vendor\\laravel\\framework\\src\\Illuminate\\Foundation\\Http\\Middleware\\InvokeDeferredCallbacks.php(22): Illuminate\\Pipeline\\Pipeline->Illuminate\\Pipeline\\{closure}()
#65 C:\\Lodi\\Curriculum\\api\\vendor\\laravel\\framework\\src\\Illuminate\\Pipeline\\Pipeline.php(183): Illuminate\\Foundation\\Http\\Middleware\\InvokeDeferredCallbacks->handle()
#66 C:\\Lodi\\Curriculum\\api\\vendor\\laravel\\framework\\src\\Illuminate\\Pipeline\\Pipeline.php(119): Illuminate\\Pipeline\\Pipeline->Illuminate\\Pipeline\\{closure}()
#67 C:\\Lodi\\Curriculum\\api\\vendor\\laravel\\framework\\src\\Illuminate\\Foundation\\Http\\Kernel.php(176): Illuminate\\Pipeline\\Pipeline->then()
#68 C:\\Lodi\\Curriculum\\api\\vendor\\laravel\\framework\\src\\Illuminate\\Foundation\\Http\\Kernel.php(145): Illuminate\\Foundation\\Http\\Kernel->sendRequestThroughRouter()
#69 C:\\Lodi\\Curriculum\\api\\vendor\\laravel\\framework\\src\\Illuminate\\Foundation\\Application.php(1190): Illuminate\\Foundation\\Http\\Kernel->handle()
#70 C:\\Lodi\\Curriculum\\api\\public\\index.php(17): Illuminate\\Foundation\\Application->handleRequest()
#71 C:\\Lodi\\Curriculum\\api\\vendor\\laravel\\framework\\src\\Illuminate\\Foundation\\resources\\server.php(23): require_once('...')
#72 {main}
"} 
[2024-12-19 16:26:46] local.ERROR: SQLSTATE[23000]: Integrity constraint violation: 1048 Column 'status' cannot be null (Connection: mariadb, SQL: update `candidates` set `status` = ?, `candidates`.`updated_at` = 2024-12-19 16:26:44 where `id` = 1) {"exception":"[object] (Illuminate\\Database\\QueryException(code: 23000): SQLSTATE[23000]: Integrity constraint violation: 1048 Column 'status' cannot be null (Connection: mariadb, SQL: update `candidates` set `status` = ?, `candidates`.`updated_at` = 2024-12-19 16:26:44 where `id` = 1) at C:\\Lodi\\Curriculum\\api\\vendor\\laravel\\framework\\src\\Illuminate\\Database\\Connection.php:825)
[stacktrace]
#0 C:\\Lodi\\Curriculum\\api\\vendor\\laravel\\framework\\src\\Illuminate\\Database\\Connection.php(779): Illuminate\\Database\\Connection->runQueryCallback()
#1 C:\\Lodi\\Curriculum\\api\\vendor\\laravel\\framework\\src\\Illuminate\\Database\\Connection.php(584): Illuminate\\Database\\Connection->run()
#2 C:\\Lodi\\Curriculum\\api\\vendor\\laravel\\framework\\src\\Illuminate\\Database\\Connection.php(536): Illuminate\\Database\\Connection->affectingStatement()
#3 C:\\Lodi\\Curriculum\\api\\vendor\\laravel\\framework\\src\\Illuminate\\Database\\Query\\Builder.php(3866): Illuminate\\Database\\Connection->update()
#4 C:\\Lodi\\Curriculum\\api\\vendor\\laravel\\framework\\src\\Illuminate\\Database\\Eloquent\\Builder.php(1127): Illuminate\\Database\\Query\\Builder->update()
#5 C:\\Lodi\\Curriculum\\api\\vendor\\laravel\\framework\\src\\Illuminate\\Database\\Eloquent\\Model.php(1238): Illuminate\\Database\\Eloquent\\Builder->update()
#6 C:\\Lodi\\Curriculum\\api\\vendor\\laravel\\framework\\src\\Illuminate\\Database\\Eloquent\\Model.php(1155): Illuminate\\Database\\Eloquent\\Model->performUpdate()
#7 C:\\Lodi\\Curriculum\\api\\app\\Http\\Controllers\\CandidateController.php(64): Illuminate\\Database\\Eloquent\\Model->save()
#8 C:\\Lodi\\Curriculum\\api\\vendor\\laravel\\framework\\src\\Illuminate\\Routing\\ControllerDispatcher.php(47): App\\Http\\Controllers\\CandidateController->updateStatus()
#9 C:\\Lodi\\Curriculum\\api\\vendor\\laravel\\framework\\src\\Illuminate\\Routing\\Route.php(266): Illuminate\\Routing\\ControllerDispatcher->dispatch()
#10 C:\\Lodi\\Curriculum\\api\\vendor\\laravel\\framework\\src\\Illuminate\\Routing\\Route.php(212): Illuminate\\Routing\\Route->runController()
#11 C:\\Lodi\\Curriculum\\api\\vendor\\laravel\\framework\\src\\Illuminate\\Routing\\Router.php(808): Illuminate\\Routing\\Route->run()
#12 C:\\Lodi\\Curriculum\\api\\vendor\\laravel\\framework\\src\\Illuminate\\Pipeline\\Pipeline.php(144): Illuminate\\Routing\\Router->Illuminate\\Routing\\{closure}()
#13 C:\\Lodi\\Curriculum\\api\\vendor\\laravel\\framework\\src\\Illuminate\\Routing\\Middleware\\SubstituteBindings.php(51): Illuminate\\Pipeline\\Pipeline->Illuminate\\Pipeline\\{closure}()
#14 C:\\Lodi\\Curriculum\\api\\vendor\\laravel\\framework\\src\\Illuminate\\Pipeline\\Pipeline.php(183): Illuminate\\Routing\\Middleware\\SubstituteBindings->handle()
#15 C:\\Lodi\\Curriculum\\api\\vendor\\laravel\\framework\\src\\Illuminate\\Pipeline\\Pipeline.php(119): Illuminate\\Pipeline\\Pipeline->Illuminate\\Pipeline\\{closure}()
#16 C:\\Lodi\\Curriculum\\api\\vendor\\laravel\\framework\\src\\Illuminate\\Routing\\Router.php(807): Illuminate\\Pipeline\\Pipeline->then()
#17 C:\\Lodi\\Curriculum\\api\\vendor\\laravel\\framework\\src\\Illuminate\\Routing\\Router.php(786): Illuminate\\Routing\\Router->runRouteWithinStack()
#18 C:\\Lodi\\Curriculum\\api\\vendor\\laravel\\framework\\src\\Illuminate\\Routing\\Router.php(750): Illuminate\\Routing\\Router->runRoute()
#19 C:\\Lodi\\Curriculum\\api\\vendor\\laravel\\framework\\src\\Illuminate\\Routing\\Router.php(739): Illuminate\\Routing\\Router->dispatchToRoute()
#20 C:\\Lodi\\Curriculum\\api\\vendor\\laravel\\framework\\src\\Illuminate\\Foundation\\Http\\Kernel.php(201): Illuminate\\Routing\\Router->dispatch()
#21 C:\\Lodi\\Curriculum\\api\\vendor\\laravel\\framework\\src\\Illuminate\\Pipeline\\Pipeline.php(144): Illuminate\\Foundation\\Http\\Kernel->Illuminate\\Foundation\\Http\\{closure}()
#22 C:\\Lodi\\Curriculum\\api\\vendor\\laravel\\framework\\src\\Illuminate\\Foundation\\Http\\Middleware\\TransformsRequest.php(21): Illuminate\\Pipeline\\Pipeline->Illuminate\\Pipeline\\{closure}()
#23 C:\\Lodi\\Curriculum\\api\\vendor\\laravel\\framework\\src\\Illuminate\\Foundation\\Http\\Middleware\\ConvertEmptyStringsToNull.php(31): Illuminate\\Foundation\\Http\\Middleware\\TransformsRequest->handle()
#24 C:\\Lodi\\Curriculum\\api\\vendor\\laravel\\framework\\src\\Illuminate\\Pipeline\\Pipeline.php(183): Illuminate\\Foundation\\Http\\Middleware\\ConvertEmptyStringsToNull->handle()
#25 C:\\Lodi\\Curriculum\\api\\vendor\\laravel\\framework\\src\\Illuminate\\Foundation\\Http\\Middleware\\TransformsRequest.php(21): Illuminate\\Pipeline\\Pipeline->Illuminate\\Pipeline\\{closure}()
#26 C:\\Lodi\\Curriculum\\api\\vendor\\laravel\\framework\\src\\Illuminate\\Foundation\\Http\\Middleware\\TrimStrings.php(51): Illuminate\\Foundation\\Http\\Middleware\\TransformsRequest->handle()
#27 C:\\Lodi\\Curriculum\\api\\vendor\\laravel\\framework\\src\\Illuminate\\Pipeline\\Pipeline.php(183): Illuminate\\Foundation\\Http\\Middleware\\TrimStrings->handle()
#28 C:\\Lodi\\Curriculum\\api\\vendor\\laravel\\framework\\src\\Illuminate\\Http\\Middleware\\ValidatePostSize.php(27): Illuminate\\Pipeline\\Pipeline->Illuminate\\Pipeline\\{closure}()
#29 C:\\Lodi\\Curriculum\\api\\vendor\\laravel\\framework\\src\\Illuminate\\Pipeline\\Pipeline.php(183): Illuminate\\Http\\Middleware\\ValidatePostSize->handle()
#30 C:\\Lodi\\Curriculum\\api\\vendor\\laravel\\framework\\src\\Illuminate\\Foundation\\Http\\Middleware\\PreventRequestsDuringMaintenance.php(110): Illuminate\\Pipeline\\Pipeline->Illuminate\\Pipeline\\{closure}()
#31 C:\\Lodi\\Curriculum\\api\\vendor\\laravel\\framework\\src\\Illuminate\\Pipeline\\Pipeline.php(183): Illuminate\\Foundation\\Http\\Middleware\\PreventRequestsDuringMaintenance->handle()
#32 C:\\Lodi\\Curriculum\\api\\vendor\\laravel\\framework\\src\\Illuminate\\Http\\Middleware\\HandleCors.php(62): Illuminate\\Pipeline\\Pipeline->Illuminate\\Pipeline\\{closure}()
#33 C:\\Lodi\\Curriculum\\api\\vendor\\laravel\\framework\\src\\Illuminate\\Pipeline\\Pipeline.php(183): Illuminate\\Http\\Middleware\\HandleCors->handle()
#34 C:\\Lodi\\Curriculum\\api\\vendor\\laravel\\framework\\src\\Illuminate\\Http\\Middleware\\TrustProxies.php(58): Illuminate\\Pipeline\\Pipeline->Illuminate\\Pipeline\\{closure}()
#35 C:\\Lodi\\Curriculum\\api\\vendor\\laravel\\framework\\src\\Illuminate\\Pipeline\\Pipeline.php(183): Illuminate\\Http\\Middleware\\TrustProxies->handle()
#36 C:\\Lodi\\Curriculum\\api\\vendor\\laravel\\framework\\src\\Illuminate\\Foundation\\Http\\Middleware\\InvokeDeferredCallbacks.php(22): Illuminate\\Pipeline\\Pipeline->Illuminate\\Pipeline\\{closure}()
#37 C:\\Lodi\\Curriculum\\api\\vendor\\laravel\\framework\\src\\Illuminate\\Pipeline\\Pipeline.php(183): Illuminate\\Foundation\\Http\\Middleware\\InvokeDeferredCallbacks->handle()
#38 C:\\Lodi\\Curriculum\\api\\vendor\\laravel\\framework\\src\\Illuminate\\Pipeline\\Pipeline.php(119): Illuminate\\Pipeline\\Pipeline->Illuminate\\Pipeline\\{closure}()
#39 C:\\Lodi\\Curriculum\\api\\vendor\\laravel\\framework\\src\\Illuminate\\Foundation\\Http\\Kernel.php(176): Illuminate\\Pipeline\\Pipeline->then()
#40 C:\\Lodi\\Curriculum\\api\\vendor\\laravel\\framework\\src\\Illuminate\\Foundation\\Http\\Kernel.php(145): Illuminate\\Foundation\\Http\\Kernel->sendRequestThroughRouter()
#41 C:\\Lodi\\Curriculum\\api\\vendor\\laravel\\framework\\src\\Illuminate\\Foundation\\Application.php(1190): Illuminate\\Foundation\\Http\\Kernel->handle()
#42 C:\\Lodi\\Curriculum\\api\\public\\index.php(17): Illuminate\\Foundation\\Application->handleRequest()
#43 C:\\Lodi\\Curriculum\\api\\vendor\\laravel\\framework\\src\\Illuminate\\Foundation\\resources\\server.php(23): require_once('...')
#44 {main}

[previous exception] [object] (PDOException(code: 23000): SQLSTATE[23000]: Integrity constraint violation: 1048 Column 'status' cannot be null at C:\\Lodi\\Curriculum\\api\\vendor\\laravel\\framework\\src\\Illuminate\\Database\\Connection.php:596)
[stacktrace]
#0 C:\\Lodi\\Curriculum\\api\\vendor\\laravel\\framework\\src\\Illuminate\\Database\\Connection.php(596): PDOStatement->execute()
#1 C:\\Lodi\\Curriculum\\api\\vendor\\laravel\\framework\\src\\Illuminate\\Database\\Connection.php(812): Illuminate\\Database\\Connection->Illuminate\\Database\\{closure}()
#2 C:\\Lodi\\Curriculum\\api\\vendor\\laravel\\framework\\src\\Illuminate\\Database\\Connection.php(779): Illuminate\\Database\\Connection->runQueryCallback()
#3 C:\\Lodi\\Curriculum\\api\\vendor\\laravel\\framework\\src\\Illuminate\\Database\\Connection.php(584): Illuminate\\Database\\Connection->run()
#4 C:\\Lodi\\Curriculum\\api\\vendor\\laravel\\framework\\src\\Illuminate\\Database\\Connection.php(536): Illuminate\\Database\\Connection->affectingStatement()
#5 C:\\Lodi\\Curriculum\\api\\vendor\\laravel\\framework\\src\\Illuminate\\Database\\Query\\Builder.php(3866): Illuminate\\Database\\Connection->update()
#6 C:\\Lodi\\Curriculum\\api\\vendor\\laravel\\framework\\src\\Illuminate\\Database\\Eloquent\\Builder.php(1127): Illuminate\\Database\\Query\\Builder->update()
#7 C:\\Lodi\\Curriculum\\api\\vendor\\laravel\\framework\\src\\Illuminate\\Database\\Eloquent\\Model.php(1238): Illuminate\\Database\\Eloquent\\Builder->update()
#8 C:\\Lodi\\Curriculum\\api\\vendor\\laravel\\framework\\src\\Illuminate\\Database\\Eloquent\\Model.php(1155): Illuminate\\Database\\Eloquent\\Model->performUpdate()
#9 C:\\Lodi\\Curriculum\\api\\app\\Http\\Controllers\\CandidateController.php(64): Illuminate\\Database\\Eloquent\\Model->save()
#10 C:\\Lodi\\Curriculum\\api\\vendor\\laravel\\framework\\src\\Illuminate\\Routing\\ControllerDispatcher.php(47): App\\Http\\Controllers\\CandidateController->updateStatus()
#11 C:\\Lodi\\Curriculum\\api\\vendor\\laravel\\framework\\src\\Illuminate\\Routing\\Route.php(266): Illuminate\\Routing\\ControllerDispatcher->dispatch()
#12 C:\\Lodi\\Curriculum\\api\\vendor\\laravel\\framework\\src\\Illuminate\\Routing\\Route.php(212): Illuminate\\Routing\\Route->runController()
#13 C:\\Lodi\\Curriculum\\api\\vendor\\laravel\\framework\\src\\Illuminate\\Routing\\Router.php(808): Illuminate\\Routing\\Route->run()
#14 C:\\Lodi\\Curriculum\\api\\vendor\\laravel\\framework\\src\\Illuminate\\Pipeline\\Pipeline.php(144): Illuminate\\Routing\\Router->Illuminate\\Routing\\{closure}()
#15 C:\\Lodi\\Curriculum\\api\\vendor\\laravel\\framework\\src\\Illuminate\\Routing\\Middleware\\SubstituteBindings.php(51): Illuminate\\Pipeline\\Pipeline->Illuminate\\Pipeline\\{closure}()
#16 C:\\Lodi\\Curriculum\\api\\vendor\\laravel\\framework\\src\\Illuminate\\Pipeline\\Pipeline.php(183): Illuminate\\Routing\\Middleware\\SubstituteBindings->handle()
#17 C:\\Lodi\\Curriculum\\api\\vendor\\laravel\\framework\\src\\Illuminate\\Pipeline\\Pipeline.php(119): Illuminate\\Pipeline\\Pipeline->Illuminate\\Pipeline\\{closure}()
#18 C:\\Lodi\\Curriculum\\api\\vendor\\laravel\\framework\\src\\Illuminate\\Routing\\Router.php(807): Illuminate\\Pipeline\\Pipeline->then()
#19 C:\\Lodi\\Curriculum\\api\\vendor\\laravel\\framework\\src\\Illuminate\\Routing\\Router.php(786): Illuminate\\Routing\\Router->runRouteWithinStack()
#20 C:\\Lodi\\Curriculum\\api\\vendor\\laravel\\framework\\src\\Illuminate\\Routing\\Router.php(750): Illuminate\\Routing\\Router->runRoute()
#21 C:\\Lodi\\Curriculum\\api\\vendor\\laravel\\framework\\src\\Illuminate\\Routing\\Router.php(739): Illuminate\\Routing\\Router->dispatchToRoute()
#22 C:\\Lodi\\Curriculum\\api\\vendor\\laravel\\framework\\src\\Illuminate\\Foundation\\Http\\Kernel.php(201): Illuminate\\Routing\\Router->dispatch()
#23 C:\\Lodi\\Curriculum\\api\\vendor\\laravel\\framework\\src\\Illuminate\\Pipeline\\Pipeline.php(144): Illuminate\\Foundation\\Http\\Kernel->Illuminate\\Foundation\\Http\\{closure}()
#24 C:\\Lodi\\Curriculum\\api\\vendor\\laravel\\framework\\src\\Illuminate\\Foundation\\Http\\Middleware\\TransformsRequest.php(21): Illuminate\\Pipeline\\Pipeline->Illuminate\\Pipeline\\{closure}()
#25 C:\\Lodi\\Curriculum\\api\\vendor\\laravel\\framework\\src\\Illuminate\\Foundation\\Http\\Middleware\\ConvertEmptyStringsToNull.php(31): Illuminate\\Foundation\\Http\\Middleware\\TransformsRequest->handle()
#26 C:\\Lodi\\Curriculum\\api\\vendor\\laravel\\framework\\src\\Illuminate\\Pipeline\\Pipeline.php(183): Illuminate\\Foundation\\Http\\Middleware\\ConvertEmptyStringsToNull->handle()
#27 C:\\Lodi\\Curriculum\\api\\vendor\\laravel\\framework\\src\\Illuminate\\Foundation\\Http\\Middleware\\TransformsRequest.php(21): Illuminate\\Pipeline\\Pipeline->Illuminate\\Pipeline\\{closure}()
#28 C:\\Lodi\\Curriculum\\api\\vendor\\laravel\\framework\\src\\Illuminate\\Foundation\\Http\\Middleware\\TrimStrings.php(51): Illuminate\\Foundation\\Http\\Middleware\\TransformsRequest->handle()
#29 C:\\Lodi\\Curriculum\\api\\vendor\\laravel\\framework\\src\\Illuminate\\Pipeline\\Pipeline.php(183): Illuminate\\Foundation\\Http\\Middleware\\TrimStrings->handle()
#30 C:\\Lodi\\Curriculum\\api\\vendor\\laravel\\framework\\src\\Illuminate\\Http\\Middleware\\ValidatePostSize.php(27): Illuminate\\Pipeline\\Pipeline->Illuminate\\Pipeline\\{closure}()
#31 C:\\Lodi\\Curriculum\\api\\vendor\\laravel\\framework\\src\\Illuminate\\Pipeline\\Pipeline.php(183): Illuminate\\Http\\Middleware\\ValidatePostSize->handle()
#32 C:\\Lodi\\Curriculum\\api\\vendor\\laravel\\framework\\src\\Illuminate\\Foundation\\Http\\Middleware\\PreventRequestsDuringMaintenance.php(110): Illuminate\\Pipeline\\Pipeline->Illuminate\\Pipeline\\{closure}()
#33 C:\\Lodi\\Curriculum\\api\\vendor\\laravel\\framework\\src\\Illuminate\\Pipeline\\Pipeline.php(183): Illuminate\\Foundation\\Http\\Middleware\\PreventRequestsDuringMaintenance->handle()
#34 C:\\Lodi\\Curriculum\\api\\vendor\\laravel\\framework\\src\\Illuminate\\Http\\Middleware\\HandleCors.php(62): Illuminate\\Pipeline\\Pipeline->Illuminate\\Pipeline\\{closure}()
#35 C:\\Lodi\\Curriculum\\api\\vendor\\laravel\\framework\\src\\Illuminate\\Pipeline\\Pipeline.php(183): Illuminate\\Http\\Middleware\\HandleCors->handle()
#36 C:\\Lodi\\Curriculum\\api\\vendor\\laravel\\framework\\src\\Illuminate\\Http\\Middleware\\TrustProxies.php(58): Illuminate\\Pipeline\\Pipeline->Illuminate\\Pipeline\\{closure}()
#37 C:\\Lodi\\Curriculum\\api\\vendor\\laravel\\framework\\src\\Illuminate\\Pipeline\\Pipeline.php(183): Illuminate\\Http\\Middleware\\TrustProxies->handle()
#38 C:\\Lodi\\Curriculum\\api\\vendor\\laravel\\framework\\src\\Illuminate\\Foundation\\Http\\Middleware\\InvokeDeferredCallbacks.php(22): Illuminate\\Pipeline\\Pipeline->Illuminate\\Pipeline\\{closure}()
#39 C:\\Lodi\\Curriculum\\api\\vendor\\laravel\\framework\\src\\Illuminate\\Pipeline\\Pipeline.php(183): Illuminate\\Foundation\\Http\\Middleware\\InvokeDeferredCallbacks->handle()
#40 C:\\Lodi\\Curriculum\\api\\vendor\\laravel\\framework\\src\\Illuminate\\Pipeline\\Pipeline.php(119): Illuminate\\Pipeline\\Pipeline->Illuminate\\Pipeline\\{closure}()
#41 C:\\Lodi\\Curriculum\\api\\vendor\\laravel\\framework\\src\\Illuminate\\Foundation\\Http\\Kernel.php(176): Illuminate\\Pipeline\\Pipeline->then()
#42 C:\\Lodi\\Curriculum\\api\\vendor\\laravel\\framework\\src\\Illuminate\\Foundation\\Http\\Kernel.php(145): Illuminate\\Foundation\\Http\\Kernel->sendRequestThroughRouter()
#43 C:\\Lodi\\Curriculum\\api\\vendor\\laravel\\framework\\src\\Illuminate\\Foundation\\Application.php(1190): Illuminate\\Foundation\\Http\\Kernel->handle()
#44 C:\\Lodi\\Curriculum\\api\\public\\index.php(17): Illuminate\\Foundation\\Application->handleRequest()
#45 C:\\Lodi\\Curriculum\\api\\vendor\\laravel\\framework\\src\\Illuminate\\Foundation\\resources\\server.php(23): require_once('...')
#46 {main}
"} 
[2024-12-19 16:26:57] local.ERROR: SQLSTATE[23000]: Integrity constraint violation: 1048 Column 'status' cannot be null (Connection: mariadb, SQL: update `candidates` set `status` = ?, `candidates`.`updated_at` = 2024-12-19 16:26:57 where `id` = 1) {"exception":"[object] (Illuminate\\Database\\QueryException(code: 23000): SQLSTATE[23000]: Integrity constraint violation: 1048 Column 'status' cannot be null (Connection: mariadb, SQL: update `candidates` set `status` = ?, `candidates`.`updated_at` = 2024-12-19 16:26:57 where `id` = 1) at C:\\Lodi\\Curriculum\\api\\vendor\\laravel\\framework\\src\\Illuminate\\Database\\Connection.php:825)
[stacktrace]
#0 C:\\Lodi\\Curriculum\\api\\vendor\\laravel\\framework\\src\\Illuminate\\Database\\Connection.php(779): Illuminate\\Database\\Connection->runQueryCallback()
#1 C:\\Lodi\\Curriculum\\api\\vendor\\laravel\\framework\\src\\Illuminate\\Database\\Connection.php(584): Illuminate\\Database\\Connection->run()
#2 C:\\Lodi\\Curriculum\\api\\vendor\\laravel\\framework\\src\\Illuminate\\Database\\Connection.php(536): Illuminate\\Database\\Connection->affectingStatement()
#3 C:\\Lodi\\Curriculum\\api\\vendor\\laravel\\framework\\src\\Illuminate\\Database\\Query\\Builder.php(3866): Illuminate\\Database\\Connection->update()
#4 C:\\Lodi\\Curriculum\\api\\vendor\\laravel\\framework\\src\\Illuminate\\Database\\Eloquent\\Builder.php(1127): Illuminate\\Database\\Query\\Builder->update()
#5 C:\\Lodi\\Curriculum\\api\\vendor\\laravel\\framework\\src\\Illuminate\\Database\\Eloquent\\Model.php(1238): Illuminate\\Database\\Eloquent\\Builder->update()
#6 C:\\Lodi\\Curriculum\\api\\vendor\\laravel\\framework\\src\\Illuminate\\Database\\Eloquent\\Model.php(1155): Illuminate\\Database\\Eloquent\\Model->performUpdate()
#7 C:\\Lodi\\Curriculum\\api\\app\\Http\\Controllers\\CandidateController.php(64): Illuminate\\Database\\Eloquent\\Model->save()
#8 C:\\Lodi\\Curriculum\\api\\vendor\\laravel\\framework\\src\\Illuminate\\Routing\\ControllerDispatcher.php(47): App\\Http\\Controllers\\CandidateController->updateStatus()
#9 C:\\Lodi\\Curriculum\\api\\vendor\\laravel\\framework\\src\\Illuminate\\Routing\\Route.php(266): Illuminate\\Routing\\ControllerDispatcher->dispatch()
#10 C:\\Lodi\\Curriculum\\api\\vendor\\laravel\\framework\\src\\Illuminate\\Routing\\Route.php(212): Illuminate\\Routing\\Route->runController()
#11 C:\\Lodi\\Curriculum\\api\\vendor\\laravel\\framework\\src\\Illuminate\\Routing\\Router.php(808): Illuminate\\Routing\\Route->run()
#12 C:\\Lodi\\Curriculum\\api\\vendor\\laravel\\framework\\src\\Illuminate\\Pipeline\\Pipeline.php(144): Illuminate\\Routing\\Router->Illuminate\\Routing\\{closure}()
#13 C:\\Lodi\\Curriculum\\api\\vendor\\laravel\\framework\\src\\Illuminate\\Routing\\Middleware\\SubstituteBindings.php(51): Illuminate\\Pipeline\\Pipeline->Illuminate\\Pipeline\\{closure}()
#14 C:\\Lodi\\Curriculum\\api\\vendor\\laravel\\framework\\src\\Illuminate\\Pipeline\\Pipeline.php(183): Illuminate\\Routing\\Middleware\\SubstituteBindings->handle()
#15 C:\\Lodi\\Curriculum\\api\\vendor\\laravel\\framework\\src\\Illuminate\\Pipeline\\Pipeline.php(119): Illuminate\\Pipeline\\Pipeline->Illuminate\\Pipeline\\{closure}()
#16 C:\\Lodi\\Curriculum\\api\\vendor\\laravel\\framework\\src\\Illuminate\\Routing\\Router.php(807): Illuminate\\Pipeline\\Pipeline->then()
#17 C:\\Lodi\\Curriculum\\api\\vendor\\laravel\\framework\\src\\Illuminate\\Routing\\Router.php(786): Illuminate\\Routing\\Router->runRouteWithinStack()
#18 C:\\Lodi\\Curriculum\\api\\vendor\\laravel\\framework\\src\\Illuminate\\Routing\\Router.php(750): Illuminate\\Routing\\Router->runRoute()
#19 C:\\Lodi\\Curriculum\\api\\vendor\\laravel\\framework\\src\\Illuminate\\Routing\\Router.php(739): Illuminate\\Routing\\Router->dispatchToRoute()
#20 C:\\Lodi\\Curriculum\\api\\vendor\\laravel\\framework\\src\\Illuminate\\Foundation\\Http\\Kernel.php(201): Illuminate\\Routing\\Router->dispatch()
#21 C:\\Lodi\\Curriculum\\api\\vendor\\laravel\\framework\\src\\Illuminate\\Pipeline\\Pipeline.php(144): Illuminate\\Foundation\\Http\\Kernel->Illuminate\\Foundation\\Http\\{closure}()
#22 C:\\Lodi\\Curriculum\\api\\vendor\\laravel\\framework\\src\\Illuminate\\Foundation\\Http\\Middleware\\TransformsRequest.php(21): Illuminate\\Pipeline\\Pipeline->Illuminate\\Pipeline\\{closure}()
#23 C:\\Lodi\\Curriculum\\api\\vendor\\laravel\\framework\\src\\Illuminate\\Foundation\\Http\\Middleware\\ConvertEmptyStringsToNull.php(31): Illuminate\\Foundation\\Http\\Middleware\\TransformsRequest->handle()
#24 C:\\Lodi\\Curriculum\\api\\vendor\\laravel\\framework\\src\\Illuminate\\Pipeline\\Pipeline.php(183): Illuminate\\Foundation\\Http\\Middleware\\ConvertEmptyStringsToNull->handle()
#25 C:\\Lodi\\Curriculum\\api\\vendor\\laravel\\framework\\src\\Illuminate\\Foundation\\Http\\Middleware\\TransformsRequest.php(21): Illuminate\\Pipeline\\Pipeline->Illuminate\\Pipeline\\{closure}()
#26 C:\\Lodi\\Curriculum\\api\\vendor\\laravel\\framework\\src\\Illuminate\\Foundation\\Http\\Middleware\\TrimStrings.php(51): Illuminate\\Foundation\\Http\\Middleware\\TransformsRequest->handle()
#27 C:\\Lodi\\Curriculum\\api\\vendor\\laravel\\framework\\src\\Illuminate\\Pipeline\\Pipeline.php(183): Illuminate\\Foundation\\Http\\Middleware\\TrimStrings->handle()
#28 C:\\Lodi\\Curriculum\\api\\vendor\\laravel\\framework\\src\\Illuminate\\Http\\Middleware\\ValidatePostSize.php(27): Illuminate\\Pipeline\\Pipeline->Illuminate\\Pipeline\\{closure}()
#29 C:\\Lodi\\Curriculum\\api\\vendor\\laravel\\framework\\src\\Illuminate\\Pipeline\\Pipeline.php(183): Illuminate\\Http\\Middleware\\ValidatePostSize->handle()
#30 C:\\Lodi\\Curriculum\\api\\vendor\\laravel\\framework\\src\\Illuminate\\Foundation\\Http\\Middleware\\PreventRequestsDuringMaintenance.php(110): Illuminate\\Pipeline\\Pipeline->Illuminate\\Pipeline\\{closure}()
#31 C:\\Lodi\\Curriculum\\api\\vendor\\laravel\\framework\\src\\Illuminate\\Pipeline\\Pipeline.php(183): Illuminate\\Foundation\\Http\\Middleware\\PreventRequestsDuringMaintenance->handle()
#32 C:\\Lodi\\Curriculum\\api\\vendor\\laravel\\framework\\src\\Illuminate\\Http\\Middleware\\HandleCors.php(62): Illuminate\\Pipeline\\Pipeline->Illuminate\\Pipeline\\{closure}()
#33 C:\\Lodi\\Curriculum\\api\\vendor\\laravel\\framework\\src\\Illuminate\\Pipeline\\Pipeline.php(183): Illuminate\\Http\\Middleware\\HandleCors->handle()
#34 C:\\Lodi\\Curriculum\\api\\vendor\\laravel\\framework\\src\\Illuminate\\Http\\Middleware\\TrustProxies.php(58): Illuminate\\Pipeline\\Pipeline->Illuminate\\Pipeline\\{closure}()
#35 C:\\Lodi\\Curriculum\\api\\vendor\\laravel\\framework\\src\\Illuminate\\Pipeline\\Pipeline.php(183): Illuminate\\Http\\Middleware\\TrustProxies->handle()
#36 C:\\Lodi\\Curriculum\\api\\vendor\\laravel\\framework\\src\\Illuminate\\Foundation\\Http\\Middleware\\InvokeDeferredCallbacks.php(22): Illuminate\\Pipeline\\Pipeline->Illuminate\\Pipeline\\{closure}()
#37 C:\\Lodi\\Curriculum\\api\\vendor\\laravel\\framework\\src\\Illuminate\\Pipeline\\Pipeline.php(183): Illuminate\\Foundation\\Http\\Middleware\\InvokeDeferredCallbacks->handle()
#38 C:\\Lodi\\Curriculum\\api\\vendor\\laravel\\framework\\src\\Illuminate\\Pipeline\\Pipeline.php(119): Illuminate\\Pipeline\\Pipeline->Illuminate\\Pipeline\\{closure}()
#39 C:\\Lodi\\Curriculum\\api\\vendor\\laravel\\framework\\src\\Illuminate\\Foundation\\Http\\Kernel.php(176): Illuminate\\Pipeline\\Pipeline->then()
#40 C:\\Lodi\\Curriculum\\api\\vendor\\laravel\\framework\\src\\Illuminate\\Foundation\\Http\\Kernel.php(145): Illuminate\\Foundation\\Http\\Kernel->sendRequestThroughRouter()
#41 C:\\Lodi\\Curriculum\\api\\vendor\\laravel\\framework\\src\\Illuminate\\Foundation\\Application.php(1190): Illuminate\\Foundation\\Http\\Kernel->handle()
#42 C:\\Lodi\\Curriculum\\api\\public\\index.php(17): Illuminate\\Foundation\\Application->handleRequest()
#43 C:\\Lodi\\Curriculum\\api\\vendor\\laravel\\framework\\src\\Illuminate\\Foundation\\resources\\server.php(23): require_once('...')
#44 {main}

[previous exception] [object] (PDOException(code: 23000): SQLSTATE[23000]: Integrity constraint violation: 1048 Column 'status' cannot be null at C:\\Lodi\\Curriculum\\api\\vendor\\laravel\\framework\\src\\Illuminate\\Database\\Connection.php:596)
[stacktrace]
#0 C:\\Lodi\\Curriculum\\api\\vendor\\laravel\\framework\\src\\Illuminate\\Database\\Connection.php(596): PDOStatement->execute()
#1 C:\\Lodi\\Curriculum\\api\\vendor\\laravel\\framework\\src\\Illuminate\\Database\\Connection.php(812): Illuminate\\Database\\Connection->Illuminate\\Database\\{closure}()
#2 C:\\Lodi\\Curriculum\\api\\vendor\\laravel\\framework\\src\\Illuminate\\Database\\Connection.php(779): Illuminate\\Database\\Connection->runQueryCallback()
#3 C:\\Lodi\\Curriculum\\api\\vendor\\laravel\\framework\\src\\Illuminate\\Database\\Connection.php(584): Illuminate\\Database\\Connection->run()
#4 C:\\Lodi\\Curriculum\\api\\vendor\\laravel\\framework\\src\\Illuminate\\Database\\Connection.php(536): Illuminate\\Database\\Connection->affectingStatement()
#5 C:\\Lodi\\Curriculum\\api\\vendor\\laravel\\framework\\src\\Illuminate\\Database\\Query\\Builder.php(3866): Illuminate\\Database\\Connection->update()
#6 C:\\Lodi\\Curriculum\\api\\vendor\\laravel\\framework\\src\\Illuminate\\Database\\Eloquent\\Builder.php(1127): Illuminate\\Database\\Query\\Builder->update()
#7 C:\\Lodi\\Curriculum\\api\\vendor\\laravel\\framework\\src\\Illuminate\\Database\\Eloquent\\Model.php(1238): Illuminate\\Database\\Eloquent\\Builder->update()
#8 C:\\Lodi\\Curriculum\\api\\vendor\\laravel\\framework\\src\\Illuminate\\Database\\Eloquent\\Model.php(1155): Illuminate\\Database\\Eloquent\\Model->performUpdate()
#9 C:\\Lodi\\Curriculum\\api\\app\\Http\\Controllers\\CandidateController.php(64): Illuminate\\Database\\Eloquent\\Model->save()
#10 C:\\Lodi\\Curriculum\\api\\vendor\\laravel\\framework\\src\\Illuminate\\Routing\\ControllerDispatcher.php(47): App\\Http\\Controllers\\CandidateController->updateStatus()
#11 C:\\Lodi\\Curriculum\\api\\vendor\\laravel\\framework\\src\\Illuminate\\Routing\\Route.php(266): Illuminate\\Routing\\ControllerDispatcher->dispatch()
#12 C:\\Lodi\\Curriculum\\api\\vendor\\laravel\\framework\\src\\Illuminate\\Routing\\Route.php(212): Illuminate\\Routing\\Route->runController()
#13 C:\\Lodi\\Curriculum\\api\\vendor\\laravel\\framework\\src\\Illuminate\\Routing\\Router.php(808): Illuminate\\Routing\\Route->run()
#14 C:\\Lodi\\Curriculum\\api\\vendor\\laravel\\framework\\src\\Illuminate\\Pipeline\\Pipeline.php(144): Illuminate\\Routing\\Router->Illuminate\\Routing\\{closure}()
#15 C:\\Lodi\\Curriculum\\api\\vendor\\laravel\\framework\\src\\Illuminate\\Routing\\Middleware\\SubstituteBindings.php(51): Illuminate\\Pipeline\\Pipeline->Illuminate\\Pipeline\\{closure}()
#16 C:\\Lodi\\Curriculum\\api\\vendor\\laravel\\framework\\src\\Illuminate\\Pipeline\\Pipeline.php(183): Illuminate\\Routing\\Middleware\\SubstituteBindings->handle()
#17 C:\\Lodi\\Curriculum\\api\\vendor\\laravel\\framework\\src\\Illuminate\\Pipeline\\Pipeline.php(119): Illuminate\\Pipeline\\Pipeline->Illuminate\\Pipeline\\{closure}()
#18 C:\\Lodi\\Curriculum\\api\\vendor\\laravel\\framework\\src\\Illuminate\\Routing\\Router.php(807): Illuminate\\Pipeline\\Pipeline->then()
#19 C:\\Lodi\\Curriculum\\api\\vendor\\laravel\\framework\\src\\Illuminate\\Routing\\Router.php(786): Illuminate\\Routing\\Router->runRouteWithinStack()
#20 C:\\Lodi\\Curriculum\\api\\vendor\\laravel\\framework\\src\\Illuminate\\Routing\\Router.php(750): Illuminate\\Routing\\Router->runRoute()
#21 C:\\Lodi\\Curriculum\\api\\vendor\\laravel\\framework\\src\\Illuminate\\Routing\\Router.php(739): Illuminate\\Routing\\Router->dispatchToRoute()
#22 C:\\Lodi\\Curriculum\\api\\vendor\\laravel\\framework\\src\\Illuminate\\Foundation\\Http\\Kernel.php(201): Illuminate\\Routing\\Router->dispatch()
#23 C:\\Lodi\\Curriculum\\api\\vendor\\laravel\\framework\\src\\Illuminate\\Pipeline\\Pipeline.php(144): Illuminate\\Foundation\\Http\\Kernel->Illuminate\\Foundation\\Http\\{closure}()
#24 C:\\Lodi\\Curriculum\\api\\vendor\\laravel\\framework\\src\\Illuminate\\Foundation\\Http\\Middleware\\TransformsRequest.php(21): Illuminate\\Pipeline\\Pipeline->Illuminate\\Pipeline\\{closure}()
#25 C:\\Lodi\\Curriculum\\api\\vendor\\laravel\\framework\\src\\Illuminate\\Foundation\\Http\\Middleware\\ConvertEmptyStringsToNull.php(31): Illuminate\\Foundation\\Http\\Middleware\\TransformsRequest->handle()
#26 C:\\Lodi\\Curriculum\\api\\vendor\\laravel\\framework\\src\\Illuminate\\Pipeline\\Pipeline.php(183): Illuminate\\Foundation\\Http\\Middleware\\ConvertEmptyStringsToNull->handle()
#27 C:\\Lodi\\Curriculum\\api\\vendor\\laravel\\framework\\src\\Illuminate\\Foundation\\Http\\Middleware\\TransformsRequest.php(21): Illuminate\\Pipeline\\Pipeline->Illuminate\\Pipeline\\{closure}()
#28 C:\\Lodi\\Curriculum\\api\\vendor\\laravel\\framework\\src\\Illuminate\\Foundation\\Http\\Middleware\\TrimStrings.php(51): Illuminate\\Foundation\\Http\\Middleware\\TransformsRequest->handle()
#29 C:\\Lodi\\Curriculum\\api\\vendor\\laravel\\framework\\src\\Illuminate\\Pipeline\\Pipeline.php(183): Illuminate\\Foundation\\Http\\Middleware\\TrimStrings->handle()
#30 C:\\Lodi\\Curriculum\\api\\vendor\\laravel\\framework\\src\\Illuminate\\Http\\Middleware\\ValidatePostSize.php(27): Illuminate\\Pipeline\\Pipeline->Illuminate\\Pipeline\\{closure}()
#31 C:\\Lodi\\Curriculum\\api\\vendor\\laravel\\framework\\src\\Illuminate\\Pipeline\\Pipeline.php(183): Illuminate\\Http\\Middleware\\ValidatePostSize->handle()
#32 C:\\Lodi\\Curriculum\\api\\vendor\\laravel\\framework\\src\\Illuminate\\Foundation\\Http\\Middleware\\PreventRequestsDuringMaintenance.php(110): Illuminate\\Pipeline\\Pipeline->Illuminate\\Pipeline\\{closure}()
#33 C:\\Lodi\\Curriculum\\api\\vendor\\laravel\\framework\\src\\Illuminate\\Pipeline\\Pipeline.php(183): Illuminate\\Foundation\\Http\\Middleware\\PreventRequestsDuringMaintenance->handle()
#34 C:\\Lodi\\Curriculum\\api\\vendor\\laravel\\framework\\src\\Illuminate\\Http\\Middleware\\HandleCors.php(62): Illuminate\\Pipeline\\Pipeline->Illuminate\\Pipeline\\{closure}()
#35 C:\\Lodi\\Curriculum\\api\\vendor\\laravel\\framework\\src\\Illuminate\\Pipeline\\Pipeline.php(183): Illuminate\\Http\\Middleware\\HandleCors->handle()
#36 C:\\Lodi\\Curriculum\\api\\vendor\\laravel\\framework\\src\\Illuminate\\Http\\Middleware\\TrustProxies.php(58): Illuminate\\Pipeline\\Pipeline->Illuminate\\Pipeline\\{closure}()
#37 C:\\Lodi\\Curriculum\\api\\vendor\\laravel\\framework\\src\\Illuminate\\Pipeline\\Pipeline.php(183): Illuminate\\Http\\Middleware\\TrustProxies->handle()
#38 C:\\Lodi\\Curriculum\\api\\vendor\\laravel\\framework\\src\\Illuminate\\Foundation\\Http\\Middleware\\InvokeDeferredCallbacks.php(22): Illuminate\\Pipeline\\Pipeline->Illuminate\\Pipeline\\{closure}()
#39 C:\\Lodi\\Curriculum\\api\\vendor\\laravel\\framework\\src\\Illuminate\\Pipeline\\Pipeline.php(183): Illuminate\\Foundation\\Http\\Middleware\\InvokeDeferredCallbacks->handle()
#40 C:\\Lodi\\Curriculum\\api\\vendor\\laravel\\framework\\src\\Illuminate\\Pipeline\\Pipeline.php(119): Illuminate\\Pipeline\\Pipeline->Illuminate\\Pipeline\\{closure}()
#41 C:\\Lodi\\Curriculum\\api\\vendor\\laravel\\framework\\src\\Illuminate\\Foundation\\Http\\Kernel.php(176): Illuminate\\Pipeline\\Pipeline->then()
#42 C:\\Lodi\\Curriculum\\api\\vendor\\laravel\\framework\\src\\Illuminate\\Foundation\\Http\\Kernel.php(145): Illuminate\\Foundation\\Http\\Kernel->sendRequestThroughRouter()
#43 C:\\Lodi\\Curriculum\\api\\vendor\\laravel\\framework\\src\\Illuminate\\Foundation\\Application.php(1190): Illuminate\\Foundation\\Http\\Kernel->handle()
#44 C:\\Lodi\\Curriculum\\api\\public\\index.php(17): Illuminate\\Foundation\\Application->handleRequest()
#45 C:\\Lodi\\Curriculum\\api\\vendor\\laravel\\framework\\src\\Illuminate\\Foundation\\resources\\server.php(23): require_once('...')
#46 {main}
"} 
[2024-12-19 16:27:11] local.ERROR: Attempt to read property "smtp_host" on null {"exception":"[object] (ErrorException(code: 0): Attempt to read property \"smtp_host\" on null at C:\\Lodi\\Curriculum\\api\\app\\Listeners\\StatusUpdatedListener.php:33)
[stacktrace]
#0 C:\\Lodi\\Curriculum\\api\\vendor\\laravel\\framework\\src\\Illuminate\\Foundation\\Bootstrap\\HandleExceptions.php(290): Illuminate\\Foundation\\Bootstrap\\HandleExceptions->handleError()
#1 C:\\Lodi\\Curriculum\\api\\app\\Listeners\\StatusUpdatedListener.php(33): Illuminate\\Foundation\\Bootstrap\\HandleExceptions->Illuminate\\Foundation\\Bootstrap\\{closure}()
#2 C:\\Lodi\\Curriculum\\api\\vendor\\laravel\\framework\\src\\Illuminate\\Events\\Dispatcher.php(479): App\\Listeners\\StatusUpdatedListener->handle()
#3 C:\\Lodi\\Curriculum\\api\\vendor\\laravel\\framework\\src\\Illuminate\\Events\\Dispatcher.php(287): Illuminate\\Events\\Dispatcher->Illuminate\\Events\\{closure}()
#4 C:\\Lodi\\Curriculum\\api\\vendor\\laravel\\framework\\src\\Illuminate\\Events\\Dispatcher.php(267): Illuminate\\Events\\Dispatcher->invokeListeners()
#5 C:\\Lodi\\Curriculum\\api\\vendor\\laravel\\framework\\src\\Illuminate\\Foundation\\helpers.php(473): Illuminate\\Events\\Dispatcher->dispatch()
#6 C:\\Lodi\\Curriculum\\api\\app\\Http\\Controllers\\CandidateController.php(66): event()
#7 C:\\Lodi\\Curriculum\\api\\vendor\\laravel\\framework\\src\\Illuminate\\Routing\\ControllerDispatcher.php(47): App\\Http\\Controllers\\CandidateController->updateStatus()
#8 C:\\Lodi\\Curriculum\\api\\vendor\\laravel\\framework\\src\\Illuminate\\Routing\\Route.php(266): Illuminate\\Routing\\ControllerDispatcher->dispatch()
#9 C:\\Lodi\\Curriculum\\api\\vendor\\laravel\\framework\\src\\Illuminate\\Routing\\Route.php(212): Illuminate\\Routing\\Route->runController()
#10 C:\\Lodi\\Curriculum\\api\\vendor\\laravel\\framework\\src\\Illuminate\\Routing\\Router.php(808): Illuminate\\Routing\\Route->run()
#11 C:\\Lodi\\Curriculum\\api\\vendor\\laravel\\framework\\src\\Illuminate\\Pipeline\\Pipeline.php(144): Illuminate\\Routing\\Router->Illuminate\\Routing\\{closure}()
#12 C:\\Lodi\\Curriculum\\api\\vendor\\laravel\\framework\\src\\Illuminate\\Routing\\Middleware\\SubstituteBindings.php(51): Illuminate\\Pipeline\\Pipeline->Illuminate\\Pipeline\\{closure}()
#13 C:\\Lodi\\Curriculum\\api\\vendor\\laravel\\framework\\src\\Illuminate\\Pipeline\\Pipeline.php(183): Illuminate\\Routing\\Middleware\\SubstituteBindings->handle()
#14 C:\\Lodi\\Curriculum\\api\\vendor\\laravel\\framework\\src\\Illuminate\\Pipeline\\Pipeline.php(119): Illuminate\\Pipeline\\Pipeline->Illuminate\\Pipeline\\{closure}()
#15 C:\\Lodi\\Curriculum\\api\\vendor\\laravel\\framework\\src\\Illuminate\\Routing\\Router.php(807): Illuminate\\Pipeline\\Pipeline->then()
#16 C:\\Lodi\\Curriculum\\api\\vendor\\laravel\\framework\\src\\Illuminate\\Routing\\Router.php(786): Illuminate\\Routing\\Router->runRouteWithinStack()
#17 C:\\Lodi\\Curriculum\\api\\vendor\\laravel\\framework\\src\\Illuminate\\Routing\\Router.php(750): Illuminate\\Routing\\Router->runRoute()
#18 C:\\Lodi\\Curriculum\\api\\vendor\\laravel\\framework\\src\\Illuminate\\Routing\\Router.php(739): Illuminate\\Routing\\Router->dispatchToRoute()
#19 C:\\Lodi\\Curriculum\\api\\vendor\\laravel\\framework\\src\\Illuminate\\Foundation\\Http\\Kernel.php(201): Illuminate\\Routing\\Router->dispatch()
#20 C:\\Lodi\\Curriculum\\api\\vendor\\laravel\\framework\\src\\Illuminate\\Pipeline\\Pipeline.php(144): Illuminate\\Foundation\\Http\\Kernel->Illuminate\\Foundation\\Http\\{closure}()
#21 C:\\Lodi\\Curriculum\\api\\vendor\\laravel\\framework\\src\\Illuminate\\Foundation\\Http\\Middleware\\TransformsRequest.php(21): Illuminate\\Pipeline\\Pipeline->Illuminate\\Pipeline\\{closure}()
#22 C:\\Lodi\\Curriculum\\api\\vendor\\laravel\\framework\\src\\Illuminate\\Foundation\\Http\\Middleware\\ConvertEmptyStringsToNull.php(31): Illuminate\\Foundation\\Http\\Middleware\\TransformsRequest->handle()
#23 C:\\Lodi\\Curriculum\\api\\vendor\\laravel\\framework\\src\\Illuminate\\Pipeline\\Pipeline.php(183): Illuminate\\Foundation\\Http\\Middleware\\ConvertEmptyStringsToNull->handle()
#24 C:\\Lodi\\Curriculum\\api\\vendor\\laravel\\framework\\src\\Illuminate\\Foundation\\Http\\Middleware\\TransformsRequest.php(21): Illuminate\\Pipeline\\Pipeline->Illuminate\\Pipeline\\{closure}()
#25 C:\\Lodi\\Curriculum\\api\\vendor\\laravel\\framework\\src\\Illuminate\\Foundation\\Http\\Middleware\\TrimStrings.php(51): Illuminate\\Foundation\\Http\\Middleware\\TransformsRequest->handle()
#26 C:\\Lodi\\Curriculum\\api\\vendor\\laravel\\framework\\src\\Illuminate\\Pipeline\\Pipeline.php(183): Illuminate\\Foundation\\Http\\Middleware\\TrimStrings->handle()
#27 C:\\Lodi\\Curriculum\\api\\vendor\\laravel\\framework\\src\\Illuminate\\Http\\Middleware\\ValidatePostSize.php(27): Illuminate\\Pipeline\\Pipeline->Illuminate\\Pipeline\\{closure}()
#28 C:\\Lodi\\Curriculum\\api\\vendor\\laravel\\framework\\src\\Illuminate\\Pipeline\\Pipeline.php(183): Illuminate\\Http\\Middleware\\ValidatePostSize->handle()
#29 C:\\Lodi\\Curriculum\\api\\vendor\\laravel\\framework\\src\\Illuminate\\Foundation\\Http\\Middleware\\PreventRequestsDuringMaintenance.php(110): Illuminate\\Pipeline\\Pipeline->Illuminate\\Pipeline\\{closure}()
#30 C:\\Lodi\\Curriculum\\api\\vendor\\laravel\\framework\\src\\Illuminate\\Pipeline\\Pipeline.php(183): Illuminate\\Foundation\\Http\\Middleware\\PreventRequestsDuringMaintenance->handle()
#31 C:\\Lodi\\Curriculum\\api\\vendor\\laravel\\framework\\src\\Illuminate\\Http\\Middleware\\HandleCors.php(62): Illuminate\\Pipeline\\Pipeline->Illuminate\\Pipeline\\{closure}()
#32 C:\\Lodi\\Curriculum\\api\\vendor\\laravel\\framework\\src\\Illuminate\\Pipeline\\Pipeline.php(183): Illuminate\\Http\\Middleware\\HandleCors->handle()
#33 C:\\Lodi\\Curriculum\\api\\vendor\\laravel\\framework\\src\\Illuminate\\Http\\Middleware\\TrustProxies.php(58): Illuminate\\Pipeline\\Pipeline->Illuminate\\Pipeline\\{closure}()
#34 C:\\Lodi\\Curriculum\\api\\vendor\\laravel\\framework\\src\\Illuminate\\Pipeline\\Pipeline.php(183): Illuminate\\Http\\Middleware\\TrustProxies->handle()
#35 C:\\Lodi\\Curriculum\\api\\vendor\\laravel\\framework\\src\\Illuminate\\Foundation\\Http\\Middleware\\InvokeDeferredCallbacks.php(22): Illuminate\\Pipeline\\Pipeline->Illuminate\\Pipeline\\{closure}()
#36 C:\\Lodi\\Curriculum\\api\\vendor\\laravel\\framework\\src\\Illuminate\\Pipeline\\Pipeline.php(183): Illuminate\\Foundation\\Http\\Middleware\\InvokeDeferredCallbacks->handle()
#37 C:\\Lodi\\Curriculum\\api\\vendor\\laravel\\framework\\src\\Illuminate\\Pipeline\\Pipeline.php(119): Illuminate\\Pipeline\\Pipeline->Illuminate\\Pipeline\\{closure}()
#38 C:\\Lodi\\Curriculum\\api\\vendor\\laravel\\framework\\src\\Illuminate\\Foundation\\Http\\Kernel.php(176): Illuminate\\Pipeline\\Pipeline->then()
#39 C:\\Lodi\\Curriculum\\api\\vendor\\laravel\\framework\\src\\Illuminate\\Foundation\\Http\\Kernel.php(145): Illuminate\\Foundation\\Http\\Kernel->sendRequestThroughRouter()
#40 C:\\Lodi\\Curriculum\\api\\vendor\\laravel\\framework\\src\\Illuminate\\Foundation\\Application.php(1190): Illuminate\\Foundation\\Http\\Kernel->handle()
#41 C:\\Lodi\\Curriculum\\api\\public\\index.php(17): Illuminate\\Foundation\\Application->handleRequest()
#42 C:\\Lodi\\Curriculum\\api\\vendor\\laravel\\framework\\src\\Illuminate\\Foundation\\resources\\server.php(23): require_once('...')
#43 {main}
"} 
[2024-12-19 16:53:18] local.ERROR: Interface "App\Repositories\Interface\DepartamentRepositoryInterface" not found {"exception":"[object] (Error(code: 0): Interface \"App\\Repositories\\Interface\\DepartamentRepositoryInterface\" not found at C:\\Lodi\\Curriculum\\api\\app\\Repositories\\Eloquent\\DepartamentRepository.php:8)
[stacktrace]
#0 C:\\Lodi\\Curriculum\\api\\vendor\\composer\\ClassLoader.php(576): include()
#1 C:\\Lodi\\Curriculum\\api\\vendor\\composer\\ClassLoader.php(427): Composer\\Autoload\\{closure}()
#2 [internal function]: Composer\\Autoload\\ClassLoader->loadClass()
#3 C:\\Lodi\\Curriculum\\api\\vendor\\laravel\\framework\\src\\Illuminate\\Container\\Container.php(944): ReflectionClass->__construct()
#4 C:\\Lodi\\Curriculum\\api\\vendor\\laravel\\framework\\src\\Illuminate\\Container\\Container.php(819): Illuminate\\Container\\Container->build()
#5 C:\\Lodi\\Curriculum\\api\\vendor\\laravel\\framework\\src\\Illuminate\\Foundation\\Application.php(1048): Illuminate\\Container\\Container->resolve()
#6 C:\\Lodi\\Curriculum\\api\\vendor\\laravel\\framework\\src\\Illuminate\\Container\\Container.php(755): Illuminate\\Foundation\\Application->resolve()
#7 C:\\Lodi\\Curriculum\\api\\vendor\\laravel\\framework\\src\\Illuminate\\Foundation\\Application.php(1030): Illuminate\\Container\\Container->make()
#8 C:\\Lodi\\Curriculum\\api\\vendor\\laravel\\framework\\src\\Illuminate\\Container\\Container.php(1118): Illuminate\\Foundation\\Application->make()
#9 C:\\Lodi\\Curriculum\\api\\vendor\\laravel\\framework\\src\\Illuminate\\Container\\Container.php(1028): Illuminate\\Container\\Container->resolveClass()
#10 C:\\Lodi\\Curriculum\\api\\vendor\\laravel\\framework\\src\\Illuminate\\Container\\Container.php(979): Illuminate\\Container\\Container->resolveDependencies()
#11 C:\\Lodi\\Curriculum\\api\\vendor\\laravel\\framework\\src\\Illuminate\\Container\\Container.php(819): Illuminate\\Container\\Container->build()
#12 C:\\Lodi\\Curriculum\\api\\vendor\\laravel\\framework\\src\\Illuminate\\Foundation\\Application.php(1048): Illuminate\\Container\\Container->resolve()
#13 C:\\Lodi\\Curriculum\\api\\vendor\\laravel\\framework\\src\\Illuminate\\Container\\Container.php(755): Illuminate\\Foundation\\Application->resolve()
#14 C:\\Lodi\\Curriculum\\api\\vendor\\laravel\\framework\\src\\Illuminate\\Foundation\\Application.php(1030): Illuminate\\Container\\Container->make()
#15 C:\\Lodi\\Curriculum\\api\\vendor\\laravel\\framework\\src\\Illuminate\\Container\\Container.php(1118): Illuminate\\Foundation\\Application->make()
#16 C:\\Lodi\\Curriculum\\api\\vendor\\laravel\\framework\\src\\Illuminate\\Container\\Container.php(1028): Illuminate\\Container\\Container->resolveClass()
#17 C:\\Lodi\\Curriculum\\api\\vendor\\laravel\\framework\\src\\Illuminate\\Container\\Container.php(979): Illuminate\\Container\\Container->resolveDependencies()
#18 C:\\Lodi\\Curriculum\\api\\vendor\\laravel\\framework\\src\\Illuminate\\Container\\Container.php(819): Illuminate\\Container\\Container->build()
#19 C:\\Lodi\\Curriculum\\api\\vendor\\laravel\\framework\\src\\Illuminate\\Foundation\\Application.php(1048): Illuminate\\Container\\Container->resolve()
#20 C:\\Lodi\\Curriculum\\api\\vendor\\laravel\\framework\\src\\Illuminate\\Container\\Container.php(755): Illuminate\\Foundation\\Application->resolve()
#21 C:\\Lodi\\Curriculum\\api\\vendor\\laravel\\framework\\src\\Illuminate\\Foundation\\Application.php(1030): Illuminate\\Container\\Container->make()
#22 C:\\Lodi\\Curriculum\\api\\vendor\\laravel\\framework\\src\\Illuminate\\Container\\Container.php(1118): Illuminate\\Foundation\\Application->make()
#23 C:\\Lodi\\Curriculum\\api\\vendor\\laravel\\framework\\src\\Illuminate\\Container\\Container.php(1028): Illuminate\\Container\\Container->resolveClass()
#24 C:\\Lodi\\Curriculum\\api\\vendor\\laravel\\framework\\src\\Illuminate\\Container\\Container.php(979): Illuminate\\Container\\Container->resolveDependencies()
#25 C:\\Lodi\\Curriculum\\api\\vendor\\laravel\\framework\\src\\Illuminate\\Container\\Container.php(819): Illuminate\\Container\\Container->build()
#26 C:\\Lodi\\Curriculum\\api\\vendor\\laravel\\framework\\src\\Illuminate\\Foundation\\Application.php(1048): Illuminate\\Container\\Container->resolve()
#27 C:\\Lodi\\Curriculum\\api\\vendor\\laravel\\framework\\src\\Illuminate\\Container\\Container.php(755): Illuminate\\Foundation\\Application->resolve()
#28 C:\\Lodi\\Curriculum\\api\\vendor\\laravel\\framework\\src\\Illuminate\\Foundation\\Application.php(1030): Illuminate\\Container\\Container->make()
#29 C:\\Lodi\\Curriculum\\api\\vendor\\laravel\\framework\\src\\Illuminate\\Container\\Container.php(1118): Illuminate\\Foundation\\Application->make()
#30 C:\\Lodi\\Curriculum\\api\\vendor\\laravel\\framework\\src\\Illuminate\\Container\\Container.php(1028): Illuminate\\Container\\Container->resolveClass()
#31 C:\\Lodi\\Curriculum\\api\\vendor\\laravel\\framework\\src\\Illuminate\\Container\\Container.php(979): Illuminate\\Container\\Container->resolveDependencies()
#32 C:\\Lodi\\Curriculum\\api\\vendor\\laravel\\framework\\src\\Illuminate\\Container\\Container.php(819): Illuminate\\Container\\Container->build()
#33 C:\\Lodi\\Curriculum\\api\\vendor\\laravel\\framework\\src\\Illuminate\\Foundation\\Application.php(1048): Illuminate\\Container\\Container->resolve()
#34 C:\\Lodi\\Curriculum\\api\\vendor\\laravel\\framework\\src\\Illuminate\\Container\\Container.php(755): Illuminate\\Foundation\\Application->resolve()
#35 C:\\Lodi\\Curriculum\\api\\vendor\\laravel\\framework\\src\\Illuminate\\Foundation\\Application.php(1030): Illuminate\\Container\\Container->make()
#36 C:\\Lodi\\Curriculum\\api\\vendor\\laravel\\framework\\src\\Illuminate\\Events\\Dispatcher.php(503): Illuminate\\Foundation\\Application->make()
#37 C:\\Lodi\\Curriculum\\api\\vendor\\laravel\\framework\\src\\Illuminate\\Events\\Dispatcher.php(477): Illuminate\\Events\\Dispatcher->createClassCallable()
#38 C:\\Lodi\\Curriculum\\api\\vendor\\laravel\\framework\\src\\Illuminate\\Events\\Dispatcher.php(287): Illuminate\\Events\\Dispatcher->Illuminate\\Events\\{closure}()
#39 C:\\Lodi\\Curriculum\\api\\vendor\\laravel\\framework\\src\\Illuminate\\Events\\Dispatcher.php(267): Illuminate\\Events\\Dispatcher->invokeListeners()
#40 C:\\Lodi\\Curriculum\\api\\vendor\\laravel\\framework\\src\\Illuminate\\Foundation\\helpers.php(473): Illuminate\\Events\\Dispatcher->dispatch()
#41 C:\\Lodi\\Curriculum\\api\\app\\Http\\Controllers\\CandidateController.php(66): event()
#42 C:\\Lodi\\Curriculum\\api\\vendor\\laravel\\framework\\src\\Illuminate\\Routing\\ControllerDispatcher.php(47): App\\Http\\Controllers\\CandidateController->updateStatus()
#43 C:\\Lodi\\Curriculum\\api\\vendor\\laravel\\framework\\src\\Illuminate\\Routing\\Route.php(266): Illuminate\\Routing\\ControllerDispatcher->dispatch()
#44 C:\\Lodi\\Curriculum\\api\\vendor\\laravel\\framework\\src\\Illuminate\\Routing\\Route.php(212): Illuminate\\Routing\\Route->runController()
#45 C:\\Lodi\\Curriculum\\api\\vendor\\laravel\\framework\\src\\Illuminate\\Routing\\Router.php(808): Illuminate\\Routing\\Route->run()
#46 C:\\Lodi\\Curriculum\\api\\vendor\\laravel\\framework\\src\\Illuminate\\Pipeline\\Pipeline.php(144): Illuminate\\Routing\\Router->Illuminate\\Routing\\{closure}()
#47 C:\\Lodi\\Curriculum\\api\\vendor\\laravel\\framework\\src\\Illuminate\\Routing\\Middleware\\SubstituteBindings.php(51): Illuminate\\Pipeline\\Pipeline->Illuminate\\Pipeline\\{closure}()
#48 C:\\Lodi\\Curriculum\\api\\vendor\\laravel\\framework\\src\\Illuminate\\Pipeline\\Pipeline.php(183): Illuminate\\Routing\\Middleware\\SubstituteBindings->handle()
#49 C:\\Lodi\\Curriculum\\api\\vendor\\laravel\\framework\\src\\Illuminate\\Pipeline\\Pipeline.php(119): Illuminate\\Pipeline\\Pipeline->Illuminate\\Pipeline\\{closure}()
#50 C:\\Lodi\\Curriculum\\api\\vendor\\laravel\\framework\\src\\Illuminate\\Routing\\Router.php(807): Illuminate\\Pipeline\\Pipeline->then()
#51 C:\\Lodi\\Curriculum\\api\\vendor\\laravel\\framework\\src\\Illuminate\\Routing\\Router.php(786): Illuminate\\Routing\\Router->runRouteWithinStack()
#52 C:\\Lodi\\Curriculum\\api\\vendor\\laravel\\framework\\src\\Illuminate\\Routing\\Router.php(750): Illuminate\\Routing\\Router->runRoute()
#53 C:\\Lodi\\Curriculum\\api\\vendor\\laravel\\framework\\src\\Illuminate\\Routing\\Router.php(739): Illuminate\\Routing\\Router->dispatchToRoute()
#54 C:\\Lodi\\Curriculum\\api\\vendor\\laravel\\framework\\src\\Illuminate\\Foundation\\Http\\Kernel.php(201): Illuminate\\Routing\\Router->dispatch()
#55 C:\\Lodi\\Curriculum\\api\\vendor\\laravel\\framework\\src\\Illuminate\\Pipeline\\Pipeline.php(144): Illuminate\\Foundation\\Http\\Kernel->Illuminate\\Foundation\\Http\\{closure}()
#56 C:\\Lodi\\Curriculum\\api\\vendor\\laravel\\framework\\src\\Illuminate\\Foundation\\Http\\Middleware\\TransformsRequest.php(21): Illuminate\\Pipeline\\Pipeline->Illuminate\\Pipeline\\{closure}()
#57 C:\\Lodi\\Curriculum\\api\\vendor\\laravel\\framework\\src\\Illuminate\\Foundation\\Http\\Middleware\\ConvertEmptyStringsToNull.php(31): Illuminate\\Foundation\\Http\\Middleware\\TransformsRequest->handle()
#58 C:\\Lodi\\Curriculum\\api\\vendor\\laravel\\framework\\src\\Illuminate\\Pipeline\\Pipeline.php(183): Illuminate\\Foundation\\Http\\Middleware\\ConvertEmptyStringsToNull->handle()
#59 C:\\Lodi\\Curriculum\\api\\vendor\\laravel\\framework\\src\\Illuminate\\Foundation\\Http\\Middleware\\TransformsRequest.php(21): Illuminate\\Pipeline\\Pipeline->Illuminate\\Pipeline\\{closure}()
#60 C:\\Lodi\\Curriculum\\api\\vendor\\laravel\\framework\\src\\Illuminate\\Foundation\\Http\\Middleware\\TrimStrings.php(51): Illuminate\\Foundation\\Http\\Middleware\\TransformsRequest->handle()
#61 C:\\Lodi\\Curriculum\\api\\vendor\\laravel\\framework\\src\\Illuminate\\Pipeline\\Pipeline.php(183): Illuminate\\Foundation\\Http\\Middleware\\TrimStrings->handle()
#62 C:\\Lodi\\Curriculum\\api\\vendor\\laravel\\framework\\src\\Illuminate\\Http\\Middleware\\ValidatePostSize.php(27): Illuminate\\Pipeline\\Pipeline->Illuminate\\Pipeline\\{closure}()
#63 C:\\Lodi\\Curriculum\\api\\vendor\\laravel\\framework\\src\\Illuminate\\Pipeline\\Pipeline.php(183): Illuminate\\Http\\Middleware\\ValidatePostSize->handle()
#64 C:\\Lodi\\Curriculum\\api\\vendor\\laravel\\framework\\src\\Illuminate\\Foundation\\Http\\Middleware\\PreventRequestsDuringMaintenance.php(110): Illuminate\\Pipeline\\Pipeline->Illuminate\\Pipeline\\{closure}()
#65 C:\\Lodi\\Curriculum\\api\\vendor\\laravel\\framework\\src\\Illuminate\\Pipeline\\Pipeline.php(183): Illuminate\\Foundation\\Http\\Middleware\\PreventRequestsDuringMaintenance->handle()
#66 C:\\Lodi\\Curriculum\\api\\vendor\\laravel\\framework\\src\\Illuminate\\Http\\Middleware\\HandleCors.php(62): Illuminate\\Pipeline\\Pipeline->Illuminate\\Pipeline\\{closure}()
#67 C:\\Lodi\\Curriculum\\api\\vendor\\laravel\\framework\\src\\Illuminate\\Pipeline\\Pipeline.php(183): Illuminate\\Http\\Middleware\\HandleCors->handle()
#68 C:\\Lodi\\Curriculum\\api\\vendor\\laravel\\framework\\src\\Illuminate\\Http\\Middleware\\TrustProxies.php(58): Illuminate\\Pipeline\\Pipeline->Illuminate\\Pipeline\\{closure}()
#69 C:\\Lodi\\Curriculum\\api\\vendor\\laravel\\framework\\src\\Illuminate\\Pipeline\\Pipeline.php(183): Illuminate\\Http\\Middleware\\TrustProxies->handle()
#70 C:\\Lodi\\Curriculum\\api\\vendor\\laravel\\framework\\src\\Illuminate\\Foundation\\Http\\Middleware\\InvokeDeferredCallbacks.php(22): Illuminate\\Pipeline\\Pipeline->Illuminate\\Pipeline\\{closure}()
#71 C:\\Lodi\\Curriculum\\api\\vendor\\laravel\\framework\\src\\Illuminate\\Pipeline\\Pipeline.php(183): Illuminate\\Foundation\\Http\\Middleware\\InvokeDeferredCallbacks->handle()
#72 C:\\Lodi\\Curriculum\\api\\vendor\\laravel\\framework\\src\\Illuminate\\Pipeline\\Pipeline.php(119): Illuminate\\Pipeline\\Pipeline->Illuminate\\Pipeline\\{closure}()
#73 C:\\Lodi\\Curriculum\\api\\vendor\\laravel\\framework\\src\\Illuminate\\Foundation\\Http\\Kernel.php(176): Illuminate\\Pipeline\\Pipeline->then()
#74 C:\\Lodi\\Curriculum\\api\\vendor\\laravel\\framework\\src\\Illuminate\\Foundation\\Http\\Kernel.php(145): Illuminate\\Foundation\\Http\\Kernel->sendRequestThroughRouter()
#75 C:\\Lodi\\Curriculum\\api\\vendor\\laravel\\framework\\src\\Illuminate\\Foundation\\Application.php(1190): Illuminate\\Foundation\\Http\\Kernel->handle()
#76 C:\\Lodi\\Curriculum\\api\\public\\index.php(17): Illuminate\\Foundation\\Application->handleRequest()
#77 C:\\Lodi\\Curriculum\\api\\vendor\\laravel\\framework\\src\\Illuminate\\Foundation\\resources\\server.php(23): require_once('...')
#78 {main}
"} 
[2024-12-19 16:53:51] local.ERROR: Class App\Repositories\Eloquent\DepartamentRepository contains 1 abstract method and must therefore be declared abstract or implement the remaining methods (App\Repositories\Interface\DepartamentRepositoryInterface::findByDepartamentCategory) {"exception":"[object] (Symfony\\Component\\ErrorHandler\\Error\\FatalError(code: 0): Class App\\Repositories\\Eloquent\\DepartamentRepository contains 1 abstract method and must therefore be declared abstract or implement the remaining methods (App\\Repositories\\Interface\\DepartamentRepositoryInterface::findByDepartamentCategory) at C:\\Lodi\\Curriculum\\api\\app\\Repositories\\Eloquent\\DepartamentRepository.php:8)
[stacktrace]
#0 {main}
"} 
[2024-12-19 16:54:05] local.ERROR: include(C:\Lodi\Curriculum\api\app\Repositories\Interface\DepartamentRepositoryInterface.php): Failed to open stream: No such file or directory {"exception":"[object] (ErrorException(code: 0): include(C:\\Lodi\\Curriculum\\api\\app\\Repositories\\Interface\\DepartamentRepositoryInterface.php): Failed to open stream: No such file or directory at C:\\Lodi\\Curriculum\\api\\vendor\\composer\\ClassLoader.php:576)
[stacktrace]
#0 C:\\Lodi\\Curriculum\\api\\vendor\\laravel\\framework\\src\\Illuminate\\Foundation\\Bootstrap\\HandleExceptions.php(290): Illuminate\\Foundation\\Bootstrap\\HandleExceptions->handleError()
#1 C:\\Lodi\\Curriculum\\api\\vendor\\composer\\ClassLoader.php(576): Illuminate\\Foundation\\Bootstrap\\HandleExceptions->Illuminate\\Foundation\\Bootstrap\\{closure}()
#2 C:\\Lodi\\Curriculum\\api\\vendor\\composer\\ClassLoader.php(576): include('...')
#3 C:\\Lodi\\Curriculum\\api\\vendor\\composer\\ClassLoader.php(427): Composer\\Autoload\\{closure}()
#4 C:\\Lodi\\Curriculum\\api\\app\\Repositories\\Eloquent\\DepartamentRepository.php(8): Composer\\Autoload\\ClassLoader->loadClass()
#5 C:\\Lodi\\Curriculum\\api\\vendor\\composer\\ClassLoader.php(576): include('...')
#6 C:\\Lodi\\Curriculum\\api\\vendor\\composer\\ClassLoader.php(427): Composer\\Autoload\\{closure}()
#7 [internal function]: Composer\\Autoload\\ClassLoader->loadClass()
#8 C:\\Lodi\\Curriculum\\api\\vendor\\laravel\\framework\\src\\Illuminate\\Container\\Container.php(944): ReflectionClass->__construct()
#9 C:\\Lodi\\Curriculum\\api\\vendor\\laravel\\framework\\src\\Illuminate\\Container\\Container.php(819): Illuminate\\Container\\Container->build()
#10 C:\\Lodi\\Curriculum\\api\\vendor\\laravel\\framework\\src\\Illuminate\\Foundation\\Application.php(1048): Illuminate\\Container\\Container->resolve()
#11 C:\\Lodi\\Curriculum\\api\\vendor\\laravel\\framework\\src\\Illuminate\\Container\\Container.php(755): Illuminate\\Foundation\\Application->resolve()
#12 C:\\Lodi\\Curriculum\\api\\vendor\\laravel\\framework\\src\\Illuminate\\Foundation\\Application.php(1030): Illuminate\\Container\\Container->make()
#13 C:\\Lodi\\Curriculum\\api\\vendor\\laravel\\framework\\src\\Illuminate\\Container\\Container.php(1118): Illuminate\\Foundation\\Application->make()
#14 C:\\Lodi\\Curriculum\\api\\vendor\\laravel\\framework\\src\\Illuminate\\Container\\Container.php(1028): Illuminate\\Container\\Container->resolveClass()
#15 C:\\Lodi\\Curriculum\\api\\vendor\\laravel\\framework\\src\\Illuminate\\Container\\Container.php(979): Illuminate\\Container\\Container->resolveDependencies()
#16 C:\\Lodi\\Curriculum\\api\\vendor\\laravel\\framework\\src\\Illuminate\\Container\\Container.php(819): Illuminate\\Container\\Container->build()
#17 C:\\Lodi\\Curriculum\\api\\vendor\\laravel\\framework\\src\\Illuminate\\Foundation\\Application.php(1048): Illuminate\\Container\\Container->resolve()
#18 C:\\Lodi\\Curriculum\\api\\vendor\\laravel\\framework\\src\\Illuminate\\Container\\Container.php(755): Illuminate\\Foundation\\Application->resolve()
#19 C:\\Lodi\\Curriculum\\api\\vendor\\laravel\\framework\\src\\Illuminate\\Foundation\\Application.php(1030): Illuminate\\Container\\Container->make()
#20 C:\\Lodi\\Curriculum\\api\\vendor\\laravel\\framework\\src\\Illuminate\\Container\\Container.php(1118): Illuminate\\Foundation\\Application->make()
#21 C:\\Lodi\\Curriculum\\api\\vendor\\laravel\\framework\\src\\Illuminate\\Container\\Container.php(1028): Illuminate\\Container\\Container->resolveClass()
#22 C:\\Lodi\\Curriculum\\api\\vendor\\laravel\\framework\\src\\Illuminate\\Container\\Container.php(979): Illuminate\\Container\\Container->resolveDependencies()
#23 C:\\Lodi\\Curriculum\\api\\vendor\\laravel\\framework\\src\\Illuminate\\Container\\Container.php(819): Illuminate\\Container\\Container->build()
#24 C:\\Lodi\\Curriculum\\api\\vendor\\laravel\\framework\\src\\Illuminate\\Foundation\\Application.php(1048): Illuminate\\Container\\Container->resolve()
#25 C:\\Lodi\\Curriculum\\api\\vendor\\laravel\\framework\\src\\Illuminate\\Container\\Container.php(755): Illuminate\\Foundation\\Application->resolve()
#26 C:\\Lodi\\Curriculum\\api\\vendor\\laravel\\framework\\src\\Illuminate\\Foundation\\Application.php(1030): Illuminate\\Container\\Container->make()
#27 C:\\Lodi\\Curriculum\\api\\vendor\\laravel\\framework\\src\\Illuminate\\Container\\Container.php(1118): Illuminate\\Foundation\\Application->make()
#28 C:\\Lodi\\Curriculum\\api\\vendor\\laravel\\framework\\src\\Illuminate\\Container\\Container.php(1028): Illuminate\\Container\\Container->resolveClass()
#29 C:\\Lodi\\Curriculum\\api\\vendor\\laravel\\framework\\src\\Illuminate\\Container\\Container.php(979): Illuminate\\Container\\Container->resolveDependencies()
#30 C:\\Lodi\\Curriculum\\api\\vendor\\laravel\\framework\\src\\Illuminate\\Container\\Container.php(819): Illuminate\\Container\\Container->build()
#31 C:\\Lodi\\Curriculum\\api\\vendor\\laravel\\framework\\src\\Illuminate\\Foundation\\Application.php(1048): Illuminate\\Container\\Container->resolve()
#32 C:\\Lodi\\Curriculum\\api\\vendor\\laravel\\framework\\src\\Illuminate\\Container\\Container.php(755): Illuminate\\Foundation\\Application->resolve()
#33 C:\\Lodi\\Curriculum\\api\\vendor\\laravel\\framework\\src\\Illuminate\\Foundation\\Application.php(1030): Illuminate\\Container\\Container->make()
#34 C:\\Lodi\\Curriculum\\api\\vendor\\laravel\\framework\\src\\Illuminate\\Container\\Container.php(1118): Illuminate\\Foundation\\Application->make()
#35 C:\\Lodi\\Curriculum\\api\\vendor\\laravel\\framework\\src\\Illuminate\\Container\\Container.php(1028): Illuminate\\Container\\Container->resolveClass()
#36 C:\\Lodi\\Curriculum\\api\\vendor\\laravel\\framework\\src\\Illuminate\\Container\\Container.php(979): Illuminate\\Container\\Container->resolveDependencies()
#37 C:\\Lodi\\Curriculum\\api\\vendor\\laravel\\framework\\src\\Illuminate\\Container\\Container.php(819): Illuminate\\Container\\Container->build()
#38 C:\\Lodi\\Curriculum\\api\\vendor\\laravel\\framework\\src\\Illuminate\\Foundation\\Application.php(1048): Illuminate\\Container\\Container->resolve()
#39 C:\\Lodi\\Curriculum\\api\\vendor\\laravel\\framework\\src\\Illuminate\\Container\\Container.php(755): Illuminate\\Foundation\\Application->resolve()
#40 C:\\Lodi\\Curriculum\\api\\vendor\\laravel\\framework\\src\\Illuminate\\Foundation\\Application.php(1030): Illuminate\\Container\\Container->make()
#41 C:\\Lodi\\Curriculum\\api\\vendor\\laravel\\framework\\src\\Illuminate\\Events\\Dispatcher.php(503): Illuminate\\Foundation\\Application->make()
#42 C:\\Lodi\\Curriculum\\api\\vendor\\laravel\\framework\\src\\Illuminate\\Events\\Dispatcher.php(477): Illuminate\\Events\\Dispatcher->createClassCallable()
#43 C:\\Lodi\\Curriculum\\api\\vendor\\laravel\\framework\\src\\Illuminate\\Events\\Dispatcher.php(287): Illuminate\\Events\\Dispatcher->Illuminate\\Events\\{closure}()
#44 C:\\Lodi\\Curriculum\\api\\vendor\\laravel\\framework\\src\\Illuminate\\Events\\Dispatcher.php(267): Illuminate\\Events\\Dispatcher->invokeListeners()
#45 C:\\Lodi\\Curriculum\\api\\vendor\\laravel\\framework\\src\\Illuminate\\Foundation\\helpers.php(473): Illuminate\\Events\\Dispatcher->dispatch()
#46 C:\\Lodi\\Curriculum\\api\\app\\Http\\Controllers\\CandidateController.php(66): event()
#47 C:\\Lodi\\Curriculum\\api\\vendor\\laravel\\framework\\src\\Illuminate\\Routing\\ControllerDispatcher.php(47): App\\Http\\Controllers\\CandidateController->updateStatus()
#48 C:\\Lodi\\Curriculum\\api\\vendor\\laravel\\framework\\src\\Illuminate\\Routing\\Route.php(266): Illuminate\\Routing\\ControllerDispatcher->dispatch()
#49 C:\\Lodi\\Curriculum\\api\\vendor\\laravel\\framework\\src\\Illuminate\\Routing\\Route.php(212): Illuminate\\Routing\\Route->runController()
#50 C:\\Lodi\\Curriculum\\api\\vendor\\laravel\\framework\\src\\Illuminate\\Routing\\Router.php(808): Illuminate\\Routing\\Route->run()
#51 C:\\Lodi\\Curriculum\\api\\vendor\\laravel\\framework\\src\\Illuminate\\Pipeline\\Pipeline.php(144): Illuminate\\Routing\\Router->Illuminate\\Routing\\{closure}()
#52 C:\\Lodi\\Curriculum\\api\\vendor\\laravel\\framework\\src\\Illuminate\\Routing\\Middleware\\SubstituteBindings.php(51): Illuminate\\Pipeline\\Pipeline->Illuminate\\Pipeline\\{closure}()
#53 C:\\Lodi\\Curriculum\\api\\vendor\\laravel\\framework\\src\\Illuminate\\Pipeline\\Pipeline.php(183): Illuminate\\Routing\\Middleware\\SubstituteBindings->handle()
#54 C:\\Lodi\\Curriculum\\api\\vendor\\laravel\\framework\\src\\Illuminate\\Pipeline\\Pipeline.php(119): Illuminate\\Pipeline\\Pipeline->Illuminate\\Pipeline\\{closure}()
#55 C:\\Lodi\\Curriculum\\api\\vendor\\laravel\\framework\\src\\Illuminate\\Routing\\Router.php(807): Illuminate\\Pipeline\\Pipeline->then()
#56 C:\\Lodi\\Curriculum\\api\\vendor\\laravel\\framework\\src\\Illuminate\\Routing\\Router.php(786): Illuminate\\Routing\\Router->runRouteWithinStack()
#57 C:\\Lodi\\Curriculum\\api\\vendor\\laravel\\framework\\src\\Illuminate\\Routing\\Router.php(750): Illuminate\\Routing\\Router->runRoute()
#58 C:\\Lodi\\Curriculum\\api\\vendor\\laravel\\framework\\src\\Illuminate\\Routing\\Router.php(739): Illuminate\\Routing\\Router->dispatchToRoute()
#59 C:\\Lodi\\Curriculum\\api\\vendor\\laravel\\framework\\src\\Illuminate\\Foundation\\Http\\Kernel.php(201): Illuminate\\Routing\\Router->dispatch()
#60 C:\\Lodi\\Curriculum\\api\\vendor\\laravel\\framework\\src\\Illuminate\\Pipeline\\Pipeline.php(144): Illuminate\\Foundation\\Http\\Kernel->Illuminate\\Foundation\\Http\\{closure}()
#61 C:\\Lodi\\Curriculum\\api\\vendor\\laravel\\framework\\src\\Illuminate\\Foundation\\Http\\Middleware\\TransformsRequest.php(21): Illuminate\\Pipeline\\Pipeline->Illuminate\\Pipeline\\{closure}()
#62 C:\\Lodi\\Curriculum\\api\\vendor\\laravel\\framework\\src\\Illuminate\\Foundation\\Http\\Middleware\\ConvertEmptyStringsToNull.php(31): Illuminate\\Foundation\\Http\\Middleware\\TransformsRequest->handle()
#63 C:\\Lodi\\Curriculum\\api\\vendor\\laravel\\framework\\src\\Illuminate\\Pipeline\\Pipeline.php(183): Illuminate\\Foundation\\Http\\Middleware\\ConvertEmptyStringsToNull->handle()
#64 C:\\Lodi\\Curriculum\\api\\vendor\\laravel\\framework\\src\\Illuminate\\Foundation\\Http\\Middleware\\TransformsRequest.php(21): Illuminate\\Pipeline\\Pipeline->Illuminate\\Pipeline\\{closure}()
#65 C:\\Lodi\\Curriculum\\api\\vendor\\laravel\\framework\\src\\Illuminate\\Foundation\\Http\\Middleware\\TrimStrings.php(51): Illuminate\\Foundation\\Http\\Middleware\\TransformsRequest->handle()
#66 C:\\Lodi\\Curriculum\\api\\vendor\\laravel\\framework\\src\\Illuminate\\Pipeline\\Pipeline.php(183): Illuminate\\Foundation\\Http\\Middleware\\TrimStrings->handle()
#67 C:\\Lodi\\Curriculum\\api\\vendor\\laravel\\framework\\src\\Illuminate\\Http\\Middleware\\ValidatePostSize.php(27): Illuminate\\Pipeline\\Pipeline->Illuminate\\Pipeline\\{closure}()
#68 C:\\Lodi\\Curriculum\\api\\vendor\\laravel\\framework\\src\\Illuminate\\Pipeline\\Pipeline.php(183): Illuminate\\Http\\Middleware\\ValidatePostSize->handle()
#69 C:\\Lodi\\Curriculum\\api\\vendor\\laravel\\framework\\src\\Illuminate\\Foundation\\Http\\Middleware\\PreventRequestsDuringMaintenance.php(110): Illuminate\\Pipeline\\Pipeline->Illuminate\\Pipeline\\{closure}()
#70 C:\\Lodi\\Curriculum\\api\\vendor\\laravel\\framework\\src\\Illuminate\\Pipeline\\Pipeline.php(183): Illuminate\\Foundation\\Http\\Middleware\\PreventRequestsDuringMaintenance->handle()
#71 C:\\Lodi\\Curriculum\\api\\vendor\\laravel\\framework\\src\\Illuminate\\Http\\Middleware\\HandleCors.php(62): Illuminate\\Pipeline\\Pipeline->Illuminate\\Pipeline\\{closure}()
#72 C:\\Lodi\\Curriculum\\api\\vendor\\laravel\\framework\\src\\Illuminate\\Pipeline\\Pipeline.php(183): Illuminate\\Http\\Middleware\\HandleCors->handle()
#73 C:\\Lodi\\Curriculum\\api\\vendor\\laravel\\framework\\src\\Illuminate\\Http\\Middleware\\TrustProxies.php(58): Illuminate\\Pipeline\\Pipeline->Illuminate\\Pipeline\\{closure}()
#74 C:\\Lodi\\Curriculum\\api\\vendor\\laravel\\framework\\src\\Illuminate\\Pipeline\\Pipeline.php(183): Illuminate\\Http\\Middleware\\TrustProxies->handle()
#75 C:\\Lodi\\Curriculum\\api\\vendor\\laravel\\framework\\src\\Illuminate\\Foundation\\Http\\Middleware\\InvokeDeferredCallbacks.php(22): Illuminate\\Pipeline\\Pipeline->Illuminate\\Pipeline\\{closure}()
#76 C:\\Lodi\\Curriculum\\api\\vendor\\laravel\\framework\\src\\Illuminate\\Pipeline\\Pipeline.php(183): Illuminate\\Foundation\\Http\\Middleware\\InvokeDeferredCallbacks->handle()
#77 C:\\Lodi\\Curriculum\\api\\vendor\\laravel\\framework\\src\\Illuminate\\Pipeline\\Pipeline.php(119): Illuminate\\Pipeline\\Pipeline->Illuminate\\Pipeline\\{closure}()
#78 C:\\Lodi\\Curriculum\\api\\vendor\\laravel\\framework\\src\\Illuminate\\Foundation\\Http\\Kernel.php(176): Illuminate\\Pipeline\\Pipeline->then()
#79 C:\\Lodi\\Curriculum\\api\\vendor\\laravel\\framework\\src\\Illuminate\\Foundation\\Http\\Kernel.php(145): Illuminate\\Foundation\\Http\\Kernel->sendRequestThroughRouter()
#80 C:\\Lodi\\Curriculum\\api\\vendor\\laravel\\framework\\src\\Illuminate\\Foundation\\Application.php(1190): Illuminate\\Foundation\\Http\\Kernel->handle()
#81 C:\\Lodi\\Curriculum\\api\\public\\index.php(17): Illuminate\\Foundation\\Application->handleRequest()
#82 C:\\Lodi\\Curriculum\\api\\vendor\\laravel\\framework\\src\\Illuminate\\Foundation\\resources\\server.php(23): require_once('...')
#83 {main}
"} 
